================================================================================
📥 CBS MASS DOWNLOAD - TOP 200 DATASETS
================================================================================

📊 Target datasets: 200
✅ Already done: 25
⬇️  To download: 175
⏱️  Est. time: ~4 minutes

[1/175] 81154ned (energie)
  Caribisch Nederland; aansluitingen en productie van elektriciteit en w
⚠️  Error: ('Connection aborted.', RemoteDisconnected('Remote end closed connection without response'))
   ⚠️  Empty
[2/175] 83989NED (energie)
  Energiebalans; aanbod en verbruik, sector
⚠️  Error: ('Connection aborted.', RemoteDisconnected('Remote end closed connection without response'))
   ⚠️  Empty
[3/175] 86103NED (energie)
  Aardgasbalans; aanbod en verbruik
   ✅ 187 rows, 36 cols
[4/175] 84596NED (energie)
  Aardoliegrondstoffen- en aardolieproductenbalans; aanbod en verbruik
   ✅ 5,704 rows, 54 cols
[5/175] 71554ned (energie)
  Kolen en kolenproducten; winning, in- en uitvoer, productie; vanaf 180
   ✅ 223 rows, 16 cols
[6/175] 85365NED (energie)
  Verbrandingswaarden motorbrandstoffen; energiedrager
   ✅ 280 rows, 4 cols
[7/175] 85929NED (energie)
  Grote batterijen voor opslag van elektriciteit
   ✅ 12 rows, 9 cols
[8/175] 84575NED (energie)
  Elektriciteitsbalans; aanbod en verbruik
   ✅ 894 rows, 32 cols
[9/175] 80030ned (energie)
  Elektriciteit en warmte; productie en inzet naar energiedrager
   ✅ 1,053 rows, 10 cols
[10/175] 37823wkk (energie)
  Elektriciteit; productie en productiemiddelen
⚠️  HTTP 500: https://opendata.cbs.nl/ODataApi/odata/37823wkk/TypedDataSet
   ⚠️  Empty
[11/175] 84901NED (energie)
  Aardgas- en elektriciteitslevering aan bedrijven; verbruiksklasse, SBI
⚠️  HTTP 500: https://opendata.cbs.nl/ODataApi/odata/84901NED/TypedDataSet
   ⚠️  Empty
[12/175] 82117NED (energie)
  Aardgas en elektriciteit; leveringen openbaar net, bouw en dienstensec
   ✅ 300 rows, 5 cols
[13/175] 85188NED (energie)
  Aardgasverbruik bedrijven; belastingschijf, SBI2008
   ✅ 885 rows, 9 cols
[14/175] 85187NED (energie)
  Elektriciteitsverbruik bedrijven; belastingschijf, SBI2008
   ✅ 885 rows, 9 cols
[15/175] 82538NED (energie)
  Levering aardgas, elektriciteit via openbaar net; bedrijven, SBI2008, 
⚠️  HTTP 500: https://opendata.cbs.nl/ODataApi/odata/82538NED/TypedDataSet
   ⚠️  Empty
[16/175] 85677NED (energie)
  Woningen; hoofdverwarmingsinstallaties, wijken en buurten, 2022
⚠️  HTTP 500: https://opendata.cbs.nl/ODataApi/odata/85677NED/TypedDataSet
   ⚠️  Empty
[17/175] 85337NED (energie)
  Woningen; hoofdverwarmingsinstallaties, wijken en buurten, 2021
⚠️  HTTP 500: https://opendata.cbs.nl/ODataApi/odata/85337NED/TypedDataSet
   ⚠️  Empty
[18/175] 85080NED (energie)
  Woningen; hoofdverwarmingsinstallaties, wijken en buurten, 2020
⚠️  HTTP 500: https://opendata.cbs.nl/ODataApi/odata/85080NED/TypedDataSet
   ⚠️  Empty
[19/175] 84983NED (energie)
  Woningen; hoofdverwarmingsinstallaties, wijken en buurten, 2019
⚠️  HTTP 500: https://opendata.cbs.nl/ODataApi/odata/84983NED/TypedDataSet
   ⚠️  Empty
[20/175] 84949NED (energie)
  Woningen; hoofdverwarmingsinstallaties, wijken en buurten, 2018
⚠️  HTTP 500: https://opendata.cbs.nl/ODataApi/odata/84949NED/TypedDataSet
   ⚠️  Empty

📊 Progress: 20/175 (11%)
⏱️  Elapsed: 0.4min | Remaining: ~3.2min
✅ Success rate: 10/20 (50%)

[21/175] 84950NED (energie)
  Woningen; hoofdverwarmingsinstallaties, wijken en buurten, 2017
⚠️  HTTP 500: https://opendata.cbs.nl/ODataApi/odata/84950NED/TypedDataSet
   ⚠️  Empty
[22/175] 86159NED (energie)
  Energieverbruik particuliere woningen; woningtype, wijken en buurten, 
⚠️  HTTP 500: https://opendata.cbs.nl/ODataApi/odata/86159NED/TypedDataSet
   ⚠️  Empty
[23/175] 85999NED (energie)
  Energieverbruik particuliere woningen; woningtype, wijken en buurten, 
⚠️  HTTP 500: https://opendata.cbs.nl/ODataApi/odata/85999NED/TypedDataSet
   ⚠️  Empty
[24/175] 85697NED (energie)
  Energieverbruik particuliere woningen; woningtype, wijken en buurten, 
⚠️  HTTP 500: https://opendata.cbs.nl/ODataApi/odata/85697NED/TypedDataSet
   ⚠️  Empty
[25/175] 85359NED (energie)
  Energieverbruik particuliere woningen; woningtype, wijken en buurten, 
⚠️  HTTP 500: https://opendata.cbs.nl/ODataApi/odata/85359NED/TypedDataSet
   ⚠️  Empty
[26/175] 85126NED (energie)
  Energieverbruik particuliere woningen; woningtype, wijken en buurten, 
⚠️  HTTP 500: https://opendata.cbs.nl/ODataApi/odata/85126NED/TypedDataSet
   ⚠️  Empty
[27/175] 84837NED (energie)
  Energieverbruik particuliere woningen; woningtype, wijken en buurten, 
⚠️  HTTP 500: https://opendata.cbs.nl/ODataApi/odata/84837NED/TypedDataSet
   ⚠️  Empty
[28/175] 84585NED (energie)
  Energieverbruik particuliere woningen; woningtype, wijken en buurten, 
⚠️  HTTP 500: https://opendata.cbs.nl/ODataApi/odata/84585NED/TypedDataSet
   ⚠️  Empty
[29/175] 84314NED (energie)
  Energieverbruik particuliere woningen; woningtype, wijken en buurten, 
⚠️  HTTP 500: https://opendata.cbs.nl/ODataApi/odata/84314NED/TypedDataSet
   ⚠️  Empty
[30/175] 83800NED (energie)
  Energieverbruik particuliere woningen; woningtype, wijken en buurten, 
⚠️  HTTP 500: https://opendata.cbs.nl/ODataApi/odata/83800NED/TypedDataSet
   ⚠️  Empty
[31/175] 83568NED (energie)
  Energieverbruik particuliere woningen; woningtype, wijken en buurten, 
⚠️  HTTP 500: https://opendata.cbs.nl/ODataApi/odata/83568NED/TypedDataSet
   ⚠️  Empty
[32/175] 83187NED (energie)
  Energieverbruik particuliere woningen; woningtype, wijken en buurten, 
⚠️  HTTP 500: https://opendata.cbs.nl/ODataApi/odata/83187NED/TypedDataSet
   ⚠️  Empty
[33/175] 83022NED (energie)
  Energieverbruik particuliere woningen; woningtype, wijken en buurten, 
⚠️  HTTP 500: https://opendata.cbs.nl/ODataApi/odata/83022NED/TypedDataSet
   ⚠️  Empty
[34/175] 83023NED (energie)
  Energieverbruik particuliere woningen; woningtype, wijken en buurten, 
⚠️  HTTP 500: https://opendata.cbs.nl/ODataApi/odata/83023NED/TypedDataSet
   ⚠️  Empty
[35/175] 83025NED (energie)
  Energieverbruik particuliere woningen; woningtype, wijken en buurten, 
⚠️  HTTP 500: https://opendata.cbs.nl/ODataApi/odata/83025NED/TypedDataSet
   ⚠️  Empty
[36/175] 83026NED (energie)
  Energieverbruik particuliere woningen; woningtype, wijken en buurten, 
⚠️  HTTP 500: https://opendata.cbs.nl/ODataApi/odata/83026NED/TypedDataSet
   ⚠️  Empty
[37/175] 85140NED (energie)
  Energieverbruik woningen; woningtype, oppervlakte, bouwjaar en bewonin
⚠️  HTTP 500: https://opendata.cbs.nl/ODataApi/odata/85140NED/TypedDataSet
   ⚠️  Empty
[38/175] 81528NED (energie)
  Energieverbruik particuliere woningen; woningtype en regio's
⚠️  HTTP 500: https://opendata.cbs.nl/ODataApi/odata/81528NED/TypedDataSet
   ⚠️  Empty
[39/175] 84948NED (energie)
  Woningen; hoofdverwarmingsinstallaties, regio 2017-2022
⚠️  HTTP 500: https://opendata.cbs.nl/ODataApi/odata/84948NED/TypedDataSet
   ⚠️  Empty
[40/175] 85666NED (energie)
  Eindverbruikersprijzen aardgas en elektriciteit
   ✅ 441 rows, 24 cols

📊 Progress: 40/175 (23%)
⏱️  Elapsed: 0.8min | Remaining: ~2.6min
✅ Success rate: 11/40 (28%)

[41/175] 85592NED (energie)
  Gemiddelde energietarieven voor consumenten
   ✅ 130 rows, 16 cols
[42/175] 84917NED (energie)
  Hernieuwbare energie; verbruik naar energiebron, techniek en toepassin
   ✅ 5,180 rows, 6 cols
[43/175] 85004NED (energie)
  Hernieuwbare energie; zonnestroom, windenergie, RES-regio
   ✅ 2,408 rows, 7 cols
[44/175] 84918NED (energie)
  Vermeden verbruik fossiele energie en emissie CO2
   ✅ 5,180 rows, 8 cols
[45/175] 82004NED (energie)
  Biomassa; verbruik en energieproductie uit biomassa per techniek
   ✅ 700 rows, 12 cols
[46/175] 85899NED (energie)
  Nationale balans vaste biomassa: productie en verbruik; energiedragers
   ✅ 170 rows, 11 cols
[47/175] 85523NED (energie)
  Warmtepompen; aantallen, thermisch vermogen en energiestromen
   ✅ 651 rows, 15 cols
[48/175] 71227ned (energie)
  Windenergie op land; productie en capaciteit naar ashoogte
   ✅ 210 rows, 16 cols
[49/175] 70960ned (energie)
  Windenergie op land; productie en capaciteit per provincie
   ✅ 455 rows, 17 cols
[50/175] 85849NED (energie)
  Aanbod en gebruik energie; energiedragers, huishoudens en bedrijven (N
⚠️  HTTP 500: https://opendata.cbs.nl/ODataApi/odata/85849NED/TypedDataSet
   ⚠️  Empty
[51/175] 82539NED (energie)
  Aardgas- en aardoliereserves; nationale rekeningen
   ✅ 38 rows, 15 cols
[52/175] 83300NED (energie)
  Emissies naar lucht door de Nederlandse economie; nationale rekeningen
   ✅ 2,065 rows, 17 cols
[53/175] 83180NED (energie)
  Winning, invoer en uitvoer van materialen naar soort; nationale rekeni
   ✅ 28 rows, 258 cols
[54/175] 84970NED (energie)
  Bedrijfsafval; afvalsoort, bedrijfstak (SBI 2008)
⚠️  HTTP 500: https://opendata.cbs.nl/ODataApi/odata/84970NED/TypedDataSet
   ⚠️  Empty
[55/175] 84971NED (energie)
  Bedrijfsafval; verwerkingsmethode, bedrijfstak (SBI 2008)
   ✅ 8,600 rows, 5 cols
[56/175] 84979NED (energie)
  Emissies broeikasgassen (IPCC); klimaatsector, kwartaal
   ✅ 693 rows, 5 cols
[57/175] 85669NED (energie)
  Emissies van broeikasgassen berekend volgens IPCC-voorschriften
   ✅ 9,100 rows, 5 cols
[58/175] 83029NED (energie)
  Zuivering van stedelijk afvalwater; energieproductie en energieverbrui
   ✅ 330 rows, 38 cols
[59/175] 70077NED (energie)
  Podia voor professionele podiumkunsten; voorstellingen, bezoek, regio
   ✅ 624 rows, 22 cols
[60/175] 82061NED (energie)
  Hotels; gasten, overnachtingen, woonland, regio 
⚠️  HTTP 500: https://opendata.cbs.nl/ODataApi/odata/82061NED/TypedDataSet
   ⚠️  Empty

📊 Progress: 60/175 (34%)
⏱️  Elapsed: 1.2min | Remaining: ~2.3min
✅ Success rate: 28/60 (47%)

[61/175] 82059NED (energie)
  Logiesaccommodaties; gasten, nachten, woonland, logiesvorm, regio
⚠️  HTTP 500: https://opendata.cbs.nl/ODataApi/odata/82059NED/TypedDataSet
   ⚠️  Empty
[62/175] 70810NED (energie)
  Professionele podia; werkgelegenheid, baten en lasten
   ✅ 23 rows, 34 cols
[63/175] 84037NED (energie)
  Hotels; gasten, overnachtingen, woonland, sterklasse
⚠️  HTTP 500: https://opendata.cbs.nl/ODataApi/odata/84037NED/TypedDataSet
   ⚠️  Empty
[64/175] 82058NED (energie)
  Logiesaccommodaties; gasten, overnachtingen, bezettingsgraad, kerncijf
   ✅ 168 rows, 45 cols
[65/175] 81776NED (energie)
  Energielabels van huur- en koopwoningen naar regio in 2011
   ✅ 4,444 rows, 9 cols
[66/175] 37281 (energie)
  Energiebalans; kerncijfers, 1946-2016
   ✅ 2,067 rows, 26 cols
[67/175] 70846ned (energie)
  Energiebalans; aanbod, omzetting en verbruik, 1995-2013
⚠️  HTTP 500: https://opendata.cbs.nl/ODataApi/odata/70846ned/TypedDataSet
   ⚠️  Empty
[68/175] 60063 (energie)
  Energiebalans; energiebedrijven en industrie, 2000 - 2003
   ✅ 612 rows, 21 cols
[69/175] 83141NED (energie)
  Energieverbruik; opbouw, bedrijfstak, 2011-2016
⚠️  HTTP 500: https://opendata.cbs.nl/ODataApi/odata/83141NED/TypedDataSet
   ⚠️  Empty
[70/175] 37539 (energie)
  Aardoliegrondstoffen; balans, 1944 - mei 2009
   ✅ 932 rows, 20 cols
[71/175] 80099ned (energie)
  Aardoliegrondstoffenbalans; aanbod, verbruik en voorraad, 1944-2015
   ✅ 5,904 rows, 17 cols
[72/175] 71557ned (energie)
  Gasleidingen en elektriciteitsnet; 1930 - 1998
   ✅ 65 rows, 9 cols
[73/175] 7515 (energie)
  Gasolieverbruik binnenvaartschepen; 1990 - 2000
   ✅ 33 rows, 10 cols
[74/175] 00377 (energie)
  Elektriciteitsbalans; aanbod en verbruik 1919-2018
   ✅ 788 rows, 15 cols
[75/175] 70836NED (energie)
  Gasmotoren; opgesteld vermogen, bouwjaar, productie, 1998 - 2002 
   ✅ 50 rows, 20 cols
[76/175] 70835ned (energie)
  Gasmotoren; opgesteld vermogen, productie, vermogensklasse, 1998 - 200
   ✅ 60 rows, 20 cols
[77/175] 81606NED (energie)
  Vervallen tabel klantenbestanden
⚠️  HTTP 403: https://opendata.cbs.nl/ODataApi/odata/81606NED/TypedDataSet
   ⚠️  Empty
[78/175] 81309NED (energie)
  Aardgas en elektriciteit, gemiddelde prijzen eindverbruikers, 2007-202
   ✅ 720 rows, 20 cols
[79/175] 37359 (energie)
  Aardgas en elektriciteit; gemiddelde tarieven 1996-2012
   ✅ 77 rows, 29 cols
[80/175] 81163ned (energie)
  Energiebedrijven; arbeids- en financiële gegevens, SBI 2008, 2009-2013
   ✅ 15 rows, 44 cols

📊 Progress: 80/175 (46%)
⏱️  Elapsed: 1.6min | Remaining: ~1.9min
✅ Success rate: 43/80 (54%)

[81/175] 70662ned (energie)
  Energie- en waterleidingbedrijven; arbeid en financiën, 2001-2005
   ✅ 15 rows, 53 cols
[82/175] 71840ned (energie)
  Energie- en waterleidingbedrijven; arbeid en financiën, SBI'93, 2006 -
   ✅ 9 rows, 44 cols
[83/175] 70663ned (energie)
  Energie- en waterleidingbedr. >= 100 werkn.; financiële gegevens
   ✅ 9 rows, 102 cols
[84/175] 70780ned (energie)
  Energie- en waterleidingbedrijven; omzet, SBI'93, 2003 - 2008
   ✅ 204 rows, 5 cols
[85/175] 72002ned (energie)
  Energie- en waterleidingbedrijven; omzetontwikkeling, SBI 2008, 2003-2
   ✅ 340 rows, 5 cols
[86/175] 70914ned (energie)
  Energiekosten; gemiddelde kosten per energiedrager, industrie, 1990 - 
   ✅ 102 rows, 4 cols
[87/175] 84672NED (energie)
  Gemiddelde energietarieven voor consumenten, 2018 - 2023
   ✅ 140 rows, 14 cols
[88/175] 37333 (energie)
  Internationale handel; in- en uitvoerwaarde energie per drager, 1996-2
   ✅ 2,051 rows, 5 cols
[89/175] 37237 (energie)
  Internationale handel; in-, uitvoerwaarde en balans van energie, 1996-
   ✅ 879 rows, 6 cols
[90/175] 7310SLEN (energie)
  Productiestatistiek van de energie- en waterleidingbedrijven
   ✅ 36 rows, 91 cols
[91/175] 07145 (energie)
  Verkopen energie- en waterleidingbedrijven
   ✅ 195 rows, 11 cols
[92/175] 37291 (energie)
  Wereldmarktprijzen aardolie en gasolie, en dollarkoers
   ✅ 54 rows, 8 cols
[93/175] 7444 (energie)
  Aardgas - en elektriciteitsverbruik; energie - afnemers, 1993 - 1999
   ✅ 308 rows, 5 cols
[94/175] 83878NED (energie)
  Aardgaslevering vanuit het openbare net; woningkenmerken
⚠️  HTTP 500: https://opendata.cbs.nl/ODataApi/odata/83878NED/TypedDataSet
   ⚠️  Empty
[95/175] 83882NED (energie)
  Elektriciteitslevering vanuit het openbare net; woningkenmerken, bewon
⚠️  HTTP 500: https://opendata.cbs.nl/ODataApi/odata/83882NED/TypedDataSet
   ⚠️  Empty
[96/175] 37207 (energie)
  Energieverbruik en energiekosten; bouwnijverheid, 1990 - 1999
   ✅ 30 rows, 15 cols
[97/175] 82374NED (energie)
  Energieverbruik energiesector; energiedragers, 1967 - 2013 2e kwartaal
   ✅ 1,352 rows, 4 cols
[98/175] 7445 (energie)
  Energieverbruik en energiekosten; intramurale gezondheidszorg, 1986 - 
   ✅ 40 rows, 17 cols
[99/175] 82375NED (energie)
  Energieverbruik huishoudens; energiedragers, 1975-2016
   ✅ 378 rows, 4 cols
[100/175] 7514 (energie)
  Energieverbruik en -kosten industrie en turf-, zand-, klei- etc. winni
   ✅ 8,624 rows, 22 cols

📊 Progress: 100/175 (57%)
⏱️  Elapsed: 2.0min | Remaining: ~1.5min
✅ Success rate: 61/100 (61%)

[101/175] 82369NED (energie)
  Energieverbruik nijverheid (excl. energiesector); energiedragers, 1975
   ✅ 1,032 rows, 4 cols
[102/175] 7523 (energie)
  Energieverbruik en energiekosten; onderwijs, 1993, 1997
   ✅ 20 rows, 15 cols
[103/175] 82371NED (energie)
  Energieverbruik sector vervoer; energiedragers, 1955 - 2013 2e kwartaa
   ✅ 464 rows, 4 cols
[104/175] 7525 (energie)
  Energieverbruik en -kosten transportbedrijven; gebouwen, 1994
   ✅ 12 rows, 10 cols
[105/175] 7524 (energie)
  Energieverbruik en -kosten transportbedrijven; vervoermiddelen, 1994
   ✅ 13 rows, 16 cols
[106/175] 7454 (energie)
  Energieverbruik in het wegverkeer.
   ✅ 12 rows, 60 cols
[107/175] 70135ned (energie)
  Energieverbruiksklassen industrie 2000
   ✅ 16 rows, 37 cols
[108/175] 80382ned (energie)
  Energieverbruik land- en tuinbouw 1990-2013
   ✅ 216 rows, 13 cols
[109/175] 82379NED (energie)
  Aardwarmte en bodemenergie; onttrekking van warmte en koude 1990-2023
   ✅ 238 rows, 5 cols
[110/175] 70789ned (energie)
  Hernieuwbare elektriciteit; binnenlandse prod., import en export, 1990
   ✅ 1,296 rows, 13 cols
[111/175] 82380NED (energie)
  Warmtepompen; aantallen, thermisch vermogen en energiestromen,1994-202
   ✅ 588 rows, 15 cols
[112/175] 81159ned (energie)
  Delfstoffenwinning; arbeids- en financiële gegevens, SBI 2008, 2009-20
   ✅ 20 rows, 44 cols
[113/175] 07143 (energie)
  Verkopen delfstoffenwinning (energie)
   ✅ 163 rows, 10 cols
[114/175] 70689ned (energie)
  Energie: bestedingen en verbruik van huishoudens
   ✅ 21 rows, 54 cols
[115/175] 70690ned (energie)
  Energie: bestedingen en verbruik naar huishoudkenmerken; 1992-2000
   ✅ 306 rows, 14 cols
[116/175] 83929NED (energie)
  Internationale handel; in- en uitvoerwaarde, SITC, landen, 1917-2017
⚠️  HTTP 500: https://opendata.cbs.nl/ODataApi/odata/83929NED/TypedDataSet
   ⚠️  Empty
[117/175] 70792ned (energie)
  Internationale handel; in- en uitvoer historie 1917-2016
   ✅ 100 rows, 56 cols
[118/175] 80866ned (energie)
  Dierlijke mest; mest en mineralen per diercategorie, 1990-2013
   ✅ 2,247 rows, 192 cols
[119/175] 37767 (energie)
  Mestproductie en mineralenuitscheiding per diercategorie, 1994-2009
   ✅ 1,712 rows, 192 cols
[120/175] 82641NED (energie)
  Niet-financiële balansen; nationale rekeningen 1995-2016
   ✅ 5,236 rows, 11 cols

📊 Progress: 120/175 (69%)
⏱️  Elapsed: 2.6min | Remaining: ~1.2min
✅ Success rate: 80/120 (67%)

[121/175] 81429ned (energie)
  Kerncijfers groeirekeningen; nationale rekeningen 1995-2012
   ✅ 1,656 rows, 51 cols
[122/175] 84450NED (energie)
  Aanbod en gebruik energie; energiedragers, huish/bedrijven (NR) 2000-2
⚠️  HTTP 500: https://opendata.cbs.nl/ODataApi/odata/84450NED/TypedDataSet
   ⚠️  Empty
[123/175] 82725NED (energie)
  Milieubelastingen en -heffingen; nationale rekeningen (1995-2022)
   ✅ 1,708 rows, 24 cols
[124/175] 81410ned (energie)
  Milieurekeningen; netto energieverbruik, 1990-2011
   ✅ 1,188 rows, 29 cols
[125/175] 83177NED (energie)
  Winning, invoer en uitvoer materialen per continent 2004-2021
   ✅ 18 rows, 272 cols
[126/175] 81414ned (energie)
  Bedrijfsafval; afvalsoort, verwerking, bedrijfstak (SBI 2008), 1994-20
   ✅ 2,967 rows, 26 cols
[127/175] 83390NED (energie)
  Emissies naar lucht op Nederlands grondgebied;stationaire bronnen,1990
   ✅ 576 rows, 13 cols
[128/175] 70946ned (energie)
  Emissies van broeikasgassen berekend volgens IPCC-voorschriften, 1990-
   ✅ 832 rows, 6 cols
[129/175] 37555 (energie)
  Waterverbruik in de nijverheid per bedrijfstak (SBI'93), 1996 - 2001
   ✅ 32 rows, 23 cols
[130/175] 37617 (energie)
  Waterverbruik in de nijverheid per bedrijfstak (SBI '74), 1981 - 1991
   ✅ 60 rows, 20 cols
[131/175] 70022ned (energie)
  Gasten hotels, pensions en jeugdaccommodaties; woonland per regio '98-
⚠️  HTTP 500: https://opendata.cbs.nl/ODataApi/odata/70022ned/TypedDataSet
   ⚠️  Empty
[132/175] 70021ned (energie)
  Gasten verblijfsrecreatie; woonland per regio '98-'12
   ✅ 5,865 rows, 41 cols
[133/175] 70666ned (energie)
  Gasten verblijfsrecreatie; logiesvorm en woonland per regio  '98-'12
   ✅ 1,020 rows, 10 cols
[134/175] 70024ned (energie)
  Gasten logiesaccommodaties; woonland per regio '98-'12
   ✅ 5,865 rows, 41 cols
[135/175] 71556ned (energie)
  Energieprijzen; historie
   ✅ 75 rows, 15 cols
[136/175] 81540NED (energie)
  Bromfietsen; soort voertuig, brandstof, bouwjaar, 1 januari, 2007-2022
   ✅ 1,152 rows, 9 cols
[137/175] 7090PODI (energie)
  Professionele podiumkunsten tot 1998/'99
   ✅ 9 rows, 85 cols
[138/175] 70651ned (energie)
  Gasten logiesaccommodaties; logiesvorm, woonland, toeristengebied  '98
   ✅ 810 rows, 10 cols
[139/175] 70023ned (energie)
  Gasten verblijfsrecreatie; woonland per logiesvorm  '00-'12
   ✅ 884 rows, 41 cols
[140/175] 70025ned (energie)
  Gasten logiesaccommodaties; woonland, toeristengebied '98-'12
   ✅ 270 rows, 41 cols

📊 Progress: 140/175 (80%)
⏱️  Elapsed: 3.1min | Remaining: ~0.8min
✅ Success rate: 98/140 (70%)

[141/175] 82060NED (energie)
  Hotels; gasten, overnachtingen, woonland, sterklasse 2012-2015
⚠️  HTTP 500: https://opendata.cbs.nl/ODataApi/odata/82060NED/TypedDataSet
   ⚠️  Empty
[142/175] 71336ned (energie)
  Buit. gasten; naar type accommodatie en belangrijkste activiteit 2005-
   ✅ 15 rows, 5 cols
[143/175] 71335ned (energie)
  Buit. gasten; naar land van herkomst en belangrijkste activiteit 2005-
   ✅ 45 rows, 5 cols
[144/175] 71331ned (energie)
  Buit. gasten; overnachtingen, bestedingen naar land van herkomst 2005-
   ✅ 27 rows, 7 cols
[145/175] 71332ned (energie)
  Buit. gasten; overnachtingen en bestedingen naar motief 2005-2006
   ✅ 9 rows, 9 cols
[146/175] 71334ned (energie)
  Buit. gasten; overnachtingen naar wijze reserveren en accomm. 2005-200
   ✅ 18 rows, 6 cols
[147/175] 71333ned (energie)
  Buit. gasten; overnachtingen per vervoermiddel en type accom. 2005-200
   ✅ 18 rows, 8 cols
[148/175] 81154eng (energie)
  Caribbean Netherlands; connections and production of electricity and w
   ✅ 128 rows, 16 cols
[149/175] 83989ENG (energie)
  Energy balance sheet; supply and consumption, sector
⚠️  HTTP 500: https://opendata.cbs.nl/ODataApi/odata/83989ENG/TypedDataSet
   ⚠️  Empty
[150/175] 83140ENG (energie)
  Energy balance sheet; supply, transformation and consumption
   ✅ 5,688 rows, 64 cols
[151/175] 71554eng (energie)
  Coal and coal products; indigenous production, imports, exports; from 
   ✅ 223 rows, 16 cols
[152/175] 84596ENG (energie)
  Crude and petroleum products balance sheet; supply and consumption
   ✅ 5,704 rows, 54 cols
[153/175] 85929ENG (energie)
  Large batteries for electricity storage
   ✅ 12 rows, 9 cols
[154/175] 80030eng (energie)
  Electricity and heat; production and input by energy commodity
   ✅ 1,053 rows, 10 cols
[155/175] 84575ENG (energie)
  Electricity balance sheet; supply and consumption
   ✅ 894 rows, 32 cols
[156/175] 37823eng (energie)
  Electricity; production and means of production
⚠️  HTTP 500: https://opendata.cbs.nl/ODataApi/odata/37823eng/TypedDataSet
   ⚠️  Empty
[157/175] 81528ENG (energie)
  Energy consumption private dwellings; type of dwelling and regions
⚠️  HTTP 500: https://opendata.cbs.nl/ODataApi/odata/81528ENG/TypedDataSet
   ⚠️  Empty
[158/175] 83376ENG (energie)
  Energy intensities of buildings in the services sector; construction p
   ✅ 360 rows, 6 cols
[159/175] 83374ENG (energie)
  Energy intensities of buildings in the services sector; floor area
   ✅ 168 rows, 5 cols
[160/175] 82117ENG (energie)
  Natural gas, electricity; supplies national grid to construction, serv
   ✅ 300 rows, 5 cols

📊 Progress: 160/175 (91%)
⏱️  Elapsed: 3.6min | Remaining: ~0.3min
✅ Success rate: 114/160 (71%)

[161/175] 82538ENG (energie)
  Supplies natural gas, electricity, public grid; companies, SIC 2008, r
⚠️  HTTP 500: https://opendata.cbs.nl/ODataApi/odata/82538ENG/TypedDataSet
   ⚠️  Empty
[162/175] 84918ENG (energie)
  Avoided use of fossil energy and emission of CO2
   ✅ 5,180 rows, 8 cols
[163/175] 85899ENG (energie)
  National solid biomass balance; production and consumption
   ✅ 170 rows, 11 cols
[164/175] 85666ENG (energie)
  Prices of natural gas and electricity
   ✅ 441 rows, 24 cols
[165/175] 70077eng (energie)
  Venues for professional performing arts; performances, attendance, reg
   ✅ 624 rows, 22 cols
[166/175] 83300ENG (energie)
  Emissions to air by the Dutch economy; national accounts 
   ✅ 2,065 rows, 17 cols
[167/175] 83180ENG (energie)
  Extraction, import and export of materials; national accounts
   ✅ 28 rows, 258 cols
[168/175] 82539ENG (energie)
  Natural gas and oil reserves on the Dutch territory; national accounts
   ✅ 38 rows, 15 cols
[169/175] 85669ENG (energie)
  Emissions of greenhouse gases according to IPCC guide-lines	
   ✅ 9,100 rows, 5 cols
[170/175] 84979ENG (energie)
  Emissions of greenhouse gases according to IPCC guide-lines, quarter
   ✅ 693 rows, 5 cols
[171/175] 85592ENG (energie)
  Average energy prices for consumers
   ✅ 130 rows, 16 cols
[172/175] 82375ENG (energie)
  Energy consumption households; energy commodities, 1975-2016
   ✅ 378 rows, 4 cols
[173/175] 82379ENG (energie)
  Geothermal heat and cold; extraction of heat and cold 1990-2023
   ✅ 238 rows, 5 cols
[174/175] 71456eng (energie)
  Liquid biofuels for transport; supply, consumption and blending, 2003-
   ✅ 48 rows, 19 cols
[175/175] 84714ENG (energie)
  Liquid biofuels for transport; supply, consumption and blending 2006-2
   ✅ 72 rows, 18 cols

================================================================================
✅ DOWNLOAD COMPLETE
================================================================================
⏱️  Time: 3.9 minutes
✅ Success: 128 (73%)
❌ Failed: 47
📈 Total rows: 150,716
💾 Summary: /Users/moesa/KIIRA-PAY/cbs-data/data/complete/download_summary_top200.json
