================================================================================
🔋 CBS ENERGIE MASS DOWNLOAD - ALLE ENERGIE DATASETS
================================================================================

🔋 Energie datasets available: 952
✅ Already downloaded: 169
⬇️  To download: 783
⏱️  Estimated time: ~20 minutes (0.3 hours)

Categorieën breakdown:
  energie                63 to download
  hernieuwbaar          185 to download
  co2                    45 to download
  verbruik              365 to download
  productie             125 to download

[1/783] 81154ned (energie)
   ✅ 128 rows, 16 cols
[2/783] 83989NED (energie)
⚠️  HTTP 500: https://opendata.cbs.nl/ODataApi/odata/83989NED/TypedDataSet
   ⚠️  Empty
[3/783] 37823wkk (energie)
⚠️  HTTP 500: https://opendata.cbs.nl/ODataApi/odata/37823wkk/TypedDataSet
   ⚠️  Empty
[4/783] 84901NED (energie)
⚠️  HTTP 500: https://opendata.cbs.nl/ODataApi/odata/84901NED/TypedDataSet
   ⚠️  Empty
[5/783] 82538NED (energie)
⚠️  HTTP 500: https://opendata.cbs.nl/ODataApi/odata/82538NED/TypedDataSet
   ⚠️  Empty
[6/783] 85677NED (energie)
⚠️  HTTP 500: https://opendata.cbs.nl/ODataApi/odata/85677NED/TypedDataSet
   ⚠️  Empty
[7/783] 85337NED (energie)
⚠️  HTTP 500: https://opendata.cbs.nl/ODataApi/odata/85337NED/TypedDataSet
   ⚠️  Empty
[8/783] 85080NED (energie)
⚠️  HTTP 500: https://opendata.cbs.nl/ODataApi/odata/85080NED/TypedDataSet
   ⚠️  Empty
[9/783] 84983NED (energie)
⚠️  HTTP 500: https://opendata.cbs.nl/ODataApi/odata/84983NED/TypedDataSet
   ⚠️  Empty
[10/783] 84949NED (energie)
⚠️  HTTP 500: https://opendata.cbs.nl/ODataApi/odata/84949NED/TypedDataSet
   ⚠️  Empty
[11/783] 84950NED (energie)
⚠️  HTTP 500: https://opendata.cbs.nl/ODataApi/odata/84950NED/TypedDataSet
   ⚠️  Empty
[12/783] 86159NED (energie)
⚠️  HTTP 500: https://opendata.cbs.nl/ODataApi/odata/86159NED/TypedDataSet
   ⚠️  Empty
[13/783] 85999NED (energie)
⚠️  HTTP 500: https://opendata.cbs.nl/ODataApi/odata/85999NED/TypedDataSet
   ⚠️  Empty
[14/783] 85697NED (energie)
⚠️  HTTP 500: https://opendata.cbs.nl/ODataApi/odata/85697NED/TypedDataSet
   ⚠️  Empty
[15/783] 85359NED (energie)
⚠️  HTTP 500: https://opendata.cbs.nl/ODataApi/odata/85359NED/TypedDataSet
   ⚠️  Empty
[16/783] 85126NED (energie)
⚠️  HTTP 500: https://opendata.cbs.nl/ODataApi/odata/85126NED/TypedDataSet
   ⚠️  Empty
[17/783] 84837NED (energie)
⚠️  HTTP 500: https://opendata.cbs.nl/ODataApi/odata/84837NED/TypedDataSet
   ⚠️  Empty
[18/783] 84585NED (energie)
⚠️  HTTP 500: https://opendata.cbs.nl/ODataApi/odata/84585NED/TypedDataSet
   ⚠️  Empty
[19/783] 84314NED (energie)
⚠️  HTTP 500: https://opendata.cbs.nl/ODataApi/odata/84314NED/TypedDataSet
   ⚠️  Empty
[20/783] 83800NED (energie)
⚠️  HTTP 500: https://opendata.cbs.nl/ODataApi/odata/83800NED/TypedDataSet
   ⚠️  Empty
[21/783] 83568NED (energie)
⚠️  HTTP 500: https://opendata.cbs.nl/ODataApi/odata/83568NED/TypedDataSet
   ⚠️  Empty
[22/783] 83187NED (energie)
⚠️  HTTP 500: https://opendata.cbs.nl/ODataApi/odata/83187NED/TypedDataSet
   ⚠️  Empty
[23/783] 83022NED (energie)
⚠️  HTTP 500: https://opendata.cbs.nl/ODataApi/odata/83022NED/TypedDataSet
   ⚠️  Empty
[24/783] 83023NED (energie)
⚠️  HTTP 500: https://opendata.cbs.nl/ODataApi/odata/83023NED/TypedDataSet
   ⚠️  Empty
[25/783] 83025NED (energie)
⚠️  HTTP 500: https://opendata.cbs.nl/ODataApi/odata/83025NED/TypedDataSet
   ⚠️  Empty
[26/783] 83026NED (energie)
⚠️  HTTP 500: https://opendata.cbs.nl/ODataApi/odata/83026NED/TypedDataSet
   ⚠️  Empty
[27/783] 85140NED (energie)
⚠️  HTTP 500: https://opendata.cbs.nl/ODataApi/odata/85140NED/TypedDataSet
   ⚠️  Empty
[28/783] 81528NED (energie)
⚠️  HTTP 500: https://opendata.cbs.nl/ODataApi/odata/81528NED/TypedDataSet
   ⚠️  Empty
[29/783] 84948NED (energie)
⚠️  HTTP 500: https://opendata.cbs.nl/ODataApi/odata/84948NED/TypedDataSet
   ⚠️  Empty
[30/783] 85849NED (energie)
⚠️  HTTP 500: https://opendata.cbs.nl/ODataApi/odata/85849NED/TypedDataSet
   ⚠️  Empty
[31/783] 84970NED (energie)
⚠️  HTTP 500: https://opendata.cbs.nl/ODataApi/odata/84970NED/TypedDataSet
   ⚠️  Empty
[32/783] 82061NED (energie)
⚠️  HTTP 500: https://opendata.cbs.nl/ODataApi/odata/82061NED/TypedDataSet
   ⚠️  Empty
[33/783] 82059NED (energie)
⚠️  HTTP 500: https://opendata.cbs.nl/ODataApi/odata/82059NED/TypedDataSet
   ⚠️  Empty
[34/783] 84037NED (energie)
⚠️  HTTP 500: https://opendata.cbs.nl/ODataApi/odata/84037NED/TypedDataSet
   ⚠️  Empty
[35/783] 70846ned (energie)
⚠️  HTTP 500: https://opendata.cbs.nl/ODataApi/odata/70846ned/TypedDataSet
   ⚠️  Empty
[36/783] 83141NED (energie)
⚠️  HTTP 500: https://opendata.cbs.nl/ODataApi/odata/83141NED/TypedDataSet
   ⚠️  Empty
[37/783] 81606NED (energie)
⚠️  HTTP 403: https://opendata.cbs.nl/ODataApi/odata/81606NED/TypedDataSet
   ⚠️  Empty
[38/783] 83878NED (energie)
⚠️  HTTP 500: https://opendata.cbs.nl/ODataApi/odata/83878NED/TypedDataSet
   ⚠️  Empty
[39/783] 83882NED (energie)
⚠️  HTTP 500: https://opendata.cbs.nl/ODataApi/odata/83882NED/TypedDataSet
   ⚠️  Empty
[40/783] 83929NED (energie)
⚠️  HTTP 500: https://opendata.cbs.nl/ODataApi/odata/83929NED/TypedDataSet
   ⚠️  Empty
[41/783] 84450NED (energie)
⚠️  HTTP 500: https://opendata.cbs.nl/ODataApi/odata/84450NED/TypedDataSet
   ⚠️  Empty
[42/783] 70022ned (energie)
⚠️  HTTP 500: https://opendata.cbs.nl/ODataApi/odata/70022ned/TypedDataSet
   ⚠️  Empty
[43/783] 82060NED (energie)
⚠️  HTTP 500: https://opendata.cbs.nl/ODataApi/odata/82060NED/TypedDataSet
   ⚠️  Empty
[44/783] 83989ENG (energie)
⚠️  HTTP 500: https://opendata.cbs.nl/ODataApi/odata/83989ENG/TypedDataSet
   ⚠️  Empty
[45/783] 37823eng (energie)
⚠️  HTTP 500: https://opendata.cbs.nl/ODataApi/odata/37823eng/TypedDataSet
   ⚠️  Empty
[46/783] 81528ENG (energie)
⚠️  HTTP 500: https://opendata.cbs.nl/ODataApi/odata/81528ENG/TypedDataSet
   ⚠️  Empty
[47/783] 82538ENG (energie)
⚠️  HTTP 500: https://opendata.cbs.nl/ODataApi/odata/82538ENG/TypedDataSet
   ⚠️  Empty
[48/783] 84672ENG (energie)
   ✅ 140 rows, 14 cols
[49/783] 80099eng (energie)
   ✅ 5,904 rows, 17 cols
[50/783] 71840eng (energie)
   ✅ 9 rows, 44 cols

================================================================================
📊 PROGRESS: 50/783 (6.4%)
⏱️  Elapsed: 0.9min | Remaining: ~13.5min (~0.2h)
✅ Success: 4/50 (8%)
================================================================================

[51/783] 72002eng (energie)
   ✅ 340 rows, 5 cols
[52/783] 37281eng (energie)
   ✅ 2,067 rows, 26 cols
[53/783] 70846eng (energie)
⚠️  HTTP 500: https://opendata.cbs.nl/ODataApi/odata/70846eng/TypedDataSet
   ⚠️  Empty
[54/783] 80324eng (energie)
   ✅ 2,346 rows, 7 cols
[55/783] 83141ENG (energie)
⚠️  HTTP 500: https://opendata.cbs.nl/ODataApi/odata/83141ENG/TypedDataSet
   ⚠️  Empty
[56/783] 81163eng (energie)
   ✅ 15 rows, 44 cols
[57/783] 81606ENG (energie)
⚠️  HTTP 403: https://opendata.cbs.nl/ODataApi/odata/81606ENG/TypedDataSet
   ⚠️  Empty
[58/783] 83929ENG (energie)
⚠️  HTTP 500: https://opendata.cbs.nl/ODataApi/odata/83929ENG/TypedDataSet
   ⚠️  Empty
[59/783] 82238ENG (energie)
   ✅ 1,026 rows, 16 cols
[60/783] 82641ENG (energie)
   ✅ 5,236 rows, 11 cols
[61/783] 81159eng (energie)
   ✅ 20 rows, 44 cols
[62/783] 70946eng (energie)
   ✅ 832 rows, 6 cols
[63/783] 83390ENG (energie)
   ✅ 576 rows, 13 cols
[64/783] 86047NED (hernieuwbaar)
   ✅ 1,755 rows, 29 cols
[65/783] 86067NED (hernieuwbaar)
⚠️  HTTP 500: https://opendata.cbs.nl/ODataApi/odata/86067NED/TypedDataSet
   ⚠️  Empty
[66/783] 85647NED (hernieuwbaar)
⚠️  HTTP 500: https://opendata.cbs.nl/ODataApi/odata/85647NED/TypedDataSet
   ⚠️  Empty
[67/783] 85824NED (hernieuwbaar)
⚠️  HTTP 500: https://opendata.cbs.nl/ODataApi/odata/85824NED/TypedDataSet
   ⚠️  Empty
[68/783] 82291NED (hernieuwbaar)
   ✅ 240 rows, 34 cols
[69/783] 86044NED (hernieuwbaar)
⚠️  HTTP 500: https://opendata.cbs.nl/ODataApi/odata/86044NED/TypedDataSet
   ⚠️  Empty
[70/783] 85775NED (hernieuwbaar)
⚠️  HTTP 500: https://opendata.cbs.nl/ODataApi/odata/85775NED/TypedDataSet
   ⚠️  Empty
[71/783] 85447NED (hernieuwbaar)
⚠️  HTTP 500: https://opendata.cbs.nl/ODataApi/odata/85447NED/TypedDataSet
   ⚠️  Empty
[72/783] 85010NED (hernieuwbaar)
⚠️  HTTP 500: https://opendata.cbs.nl/ODataApi/odata/85010NED/TypedDataSet
   ⚠️  Empty
[73/783] 84772NED (hernieuwbaar)
⚠️  HTTP 500: https://opendata.cbs.nl/ODataApi/odata/84772NED/TypedDataSet
   ⚠️  Empty
[74/783] 84517NED (hernieuwbaar)
⚠️  HTTP 500: https://opendata.cbs.nl/ODataApi/odata/84517NED/TypedDataSet
   ⚠️  Empty
[75/783] 84131NED (hernieuwbaar)
⚠️  HTTP 500: https://opendata.cbs.nl/ODataApi/odata/84131NED/TypedDataSet
   ⚠️  Empty
[76/783] 85005NED (hernieuwbaar)
⚠️  HTTP 500: https://opendata.cbs.nl/ODataApi/odata/85005NED/TypedDataSet
   ⚠️  Empty
[77/783] 82814NED (hernieuwbaar)
   ✅ 1,782 rows, 6 cols
[78/783] 86015NED (hernieuwbaar)
   ✅ 4 rows, 20 cols
[79/783] 86017NED (hernieuwbaar)
   ✅ 360 rows, 5 cols
[80/783] 86022NED (hernieuwbaar)
   ✅ 1,800 rows, 5 cols
[81/783] 86020NED (hernieuwbaar)
   ✅ 2,160 rows, 5 cols
[82/783] 86023NED (hernieuwbaar)
   ✅ 612 rows, 5 cols
[83/783] 86021NED (hernieuwbaar)
   ✅ 4,320 rows, 5 cols
[84/783] 86024NED (hernieuwbaar)
   ✅ 1,200 rows, 5 cols
[85/783] 86016NED (hernieuwbaar)
   ✅ 1,080 rows, 5 cols
[86/783] 86025NED (hernieuwbaar)
   ✅ 3,024 rows, 5 cols
[87/783] 86026NED (hernieuwbaar)
   ✅ 1,120 rows, 5 cols
[88/783] 71950ned (hernieuwbaar)
   ✅ 4,752 rows, 15 cols
[89/783] 84842NED (hernieuwbaar)
   ✅ 2,916 rows, 11 cols
[90/783] 85445NED (hernieuwbaar)
   ✅ 8,100 rows, 11 cols
[91/783] 86225NED (hernieuwbaar)
⚠️  HTTP 500: https://opendata.cbs.nl/ODataApi/odata/86225NED/TypedDataSet
   ⚠️  Empty
[92/783] 83716NED (hernieuwbaar)
   ✅ 720 rows, 145 cols
[93/783] 85463NED (hernieuwbaar)
   ✅ 3,600 rows, 128 cols
[94/783] 85454NED (hernieuwbaar)
   ✅ 2,145 rows, 158 cols
[95/783] 86137NED (hernieuwbaar)
   ✅ 3,465 rows, 24 cols
[96/783] 85563NED (hernieuwbaar)
   ✅ 3,492 rows, 21 cols
[97/783] 85012NED (hernieuwbaar)
   ✅ 3,582 rows, 24 cols
[98/783] 85457NED (hernieuwbaar)
   ✅ 2,145 rows, 107 cols
[99/783] 85766NED (hernieuwbaar)
   ✅ 2,340 rows, 8 cols
[100/783] 85576NED (hernieuwbaar)
   ✅ 648 rows, 24 cols

================================================================================
📊 PROGRESS: 100/783 (12.8%)
⏱️  Elapsed: 2.3min | Remaining: ~15.9min (~0.3h)
✅ Success: 38/100 (38%)
================================================================================

[101/783] 81628NED (hernieuwbaar)
   ✅ 25 rows, 108 cols
[102/783] 37852 (hernieuwbaar)
   ✅ 126 rows, 148 cols
[103/783] 85303NED (hernieuwbaar)
   ✅ 4,680 rows, 17 cols
[104/783] 85309NED (hernieuwbaar)
   ✅ 346 rows, 31 cols
[105/783] 85052NED (hernieuwbaar)
   ✅ 353 rows, 31 cols
[106/783] 84860NED (hernieuwbaar)
   ✅ 356 rows, 31 cols
[107/783] 84590NED (hernieuwbaar)
   ✅ 356 rows, 34 cols
[108/783] 85534NED (hernieuwbaar)
⚠️  HTTP 500: https://opendata.cbs.nl/ODataApi/odata/85534NED/TypedDataSet
   ⚠️  Empty
[109/783] 85698NED (hernieuwbaar)
⚠️  HTTP 500: https://opendata.cbs.nl/ODataApi/odata/85698NED/TypedDataSet
   ⚠️  Empty
[110/783] 85696NED (hernieuwbaar)
⚠️  HTTP 500: https://opendata.cbs.nl/ODataApi/odata/85696NED/TypedDataSet
   ⚠️  Empty
[111/783] 85700NED (hernieuwbaar)
⚠️  HTTP 500: https://opendata.cbs.nl/ODataApi/odata/85700NED/TypedDataSet
   ⚠️  Empty
[112/783] 85699NED (hernieuwbaar)
⚠️  HTTP 500: https://opendata.cbs.nl/ODataApi/odata/85699NED/TypedDataSet
   ⚠️  Empty
[113/783] 83832NED (hernieuwbaar)
⚠️  HTTP 500: https://opendata.cbs.nl/ODataApi/odata/83832NED/TypedDataSet
   ⚠️  Empty
[114/783] 85777NED (hernieuwbaar)
⚠️  HTTP 500: https://opendata.cbs.nl/ODataApi/odata/85777NED/TypedDataSet
   ⚠️  Empty
[115/783] 85776NED (hernieuwbaar)
⚠️  HTTP 500: https://opendata.cbs.nl/ODataApi/odata/85776NED/TypedDataSet
   ⚠️  Empty
[116/783] 85778NED (hernieuwbaar)
⚠️  HTTP 500: https://opendata.cbs.nl/ODataApi/odata/85778NED/TypedDataSet
   ⚠️  Empty
[117/783] 85779NED (hernieuwbaar)
⚠️  HTTP 500: https://opendata.cbs.nl/ODataApi/odata/85779NED/TypedDataSet
   ⚠️  Empty
[118/783] 83815NED (hernieuwbaar)
⚠️  HTTP 500: https://opendata.cbs.nl/ODataApi/odata/83815NED/TypedDataSet
   ⚠️  Empty
[119/783] 86146NED (hernieuwbaar)
   ✅ 391 rows, 8 cols
[120/783] 83135NED (hernieuwbaar)
   ✅ 390 rows, 8 cols
[121/783] 71854ned (hernieuwbaar)
   ✅ 184 rows, 34 cols
[122/783] 80150ned (hernieuwbaar)
   ✅ 2,508 rows, 12 cols
[123/783] 37645EG (hernieuwbaar)
   ✅ 1,881 rows, 5 cols
[124/783] 70771ned (hernieuwbaar)
⚠️  HTTP 500: https://opendata.cbs.nl/ODataApi/odata/70771ned/TypedDataSet
   ⚠️  Empty
[125/783] 71042ned (hernieuwbaar)
⚠️  HTTP 500: https://opendata.cbs.nl/ODataApi/odata/71042ned/TypedDataSet
   ⚠️  Empty
[126/783] 80171ned (hernieuwbaar)
⚠️  HTTP 500: https://opendata.cbs.nl/ODataApi/odata/80171ned/TypedDataSet
   ⚠️  Empty
[127/783] 80458ned (hernieuwbaar)
⚠️  HTTP 500: https://opendata.cbs.nl/ODataApi/odata/80458ned/TypedDataSet
   ⚠️  Empty
[128/783] 81092ned (hernieuwbaar)
   ✅ 114 rows, 6 cols
[129/783] 37633 (hernieuwbaar)
   ✅ 296 rows, 26 cols
[130/783] 80709ned (hernieuwbaar)
⚠️  HTTP 500: https://opendata.cbs.nl/ODataApi/odata/80709ned/TypedDataSet
   ⚠️  Empty
[131/783] 37707 (hernieuwbaar)
   ✅ 32 rows, 18 cols
[132/783] 81615NED (hernieuwbaar)
⚠️  HTTP 500: https://opendata.cbs.nl/ODataApi/odata/81615NED/TypedDataSet
   ⚠️  Empty
[133/783] 71106ned (hernieuwbaar)
   ✅ 30 rows, 5 cols
[134/783] 37491 (hernieuwbaar)
   ✅ 12 rows, 9 cols
[135/783] 81412ned (hernieuwbaar)
   ✅ 6,566 rows, 6 cols
[136/783] 81573NED (hernieuwbaar)
   ✅ 60 rows, 66 cols
[137/783] 37889 (hernieuwbaar)
   ✅ 252 rows, 6 cols
[138/783] 84783NED (hernieuwbaar)
⚠️  HTTP 500: https://opendata.cbs.nl/ODataApi/odata/84783NED/TypedDataSet
   ⚠️  Empty
[139/783] 84518NED (hernieuwbaar)
⚠️  HTTP 500: https://opendata.cbs.nl/ODataApi/odata/84518NED/TypedDataSet
   ⚠️  Empty
[140/783] 84130NED (hernieuwbaar)
⚠️  HTTP 500: https://opendata.cbs.nl/ODataApi/odata/84130NED/TypedDataSet
   ⚠️  Empty
[141/783] 84485NED (hernieuwbaar)
⚠️  HTTP 500: https://opendata.cbs.nl/ODataApi/odata/84485NED/TypedDataSet
   ⚠️  Empty
[142/783] 84139NED (hernieuwbaar)
⚠️  HTTP 500: https://opendata.cbs.nl/ODataApi/odata/84139NED/TypedDataSet
   ⚠️  Empty
[143/783] 37410 (hernieuwbaar)
   ✅ 11 rows, 247 cols
[144/783] 85260NED (hernieuwbaar)
   ✅ 51 rows, 19 cols
[145/783] 84047NED (hernieuwbaar)
   ✅ 25 rows, 20 cols
[146/783] 83700NED (hernieuwbaar)
⚠️  HTTP 500: https://opendata.cbs.nl/ODataApi/odata/83700NED/TypedDataSet
   ⚠️  Empty
[147/783] 85103NED (hernieuwbaar)
   ✅ 300 rows, 10 cols
[148/783] 84053NED (hernieuwbaar)
   ✅ 6,000 rows, 5 cols
[149/783] 83037NED (hernieuwbaar)
   ✅ 19 rows, 22 cols
[150/783] 83039NED (hernieuwbaar)
   ✅ 133 rows, 24 cols

================================================================================
📊 PROGRESS: 150/783 (19.2%)
⏱️  Elapsed: 3.3min | Remaining: ~14.1min (~0.2h)
✅ Success: 65/150 (43%)
================================================================================

[151/783] 83038NED (hernieuwbaar)
   ✅ 399 rows, 6 cols
[152/783] 83040NED (hernieuwbaar)
   ✅ 17 rows, 26 cols
[153/783] 85546NED (hernieuwbaar)
⚠️  HTTP 500: https://opendata.cbs.nl/ODataApi/odata/85546NED/TypedDataSet
   ⚠️  Empty
[154/783] 85544NED (hernieuwbaar)
⚠️  HTTP 500: https://opendata.cbs.nl/ODataApi/odata/85544NED/TypedDataSet
   ⚠️  Empty
[155/783] 85545NED (hernieuwbaar)
⚠️  HTTP 500: https://opendata.cbs.nl/ODataApi/odata/85545NED/TypedDataSet
   ⚠️  Empty
[156/783] 85548NED (hernieuwbaar)
   ✅ 7,750 rows, 5 cols
[157/783] 85547NED (hernieuwbaar)
   ✅ 3,825 rows, 5 cols
[158/783] 84035NED (hernieuwbaar)
⚠️  HTTP 500: https://opendata.cbs.nl/ODataApi/odata/84035NED/TypedDataSet
   ⚠️  Empty
[159/783] 84043NED (hernieuwbaar)
⚠️  HTTP 500: https://opendata.cbs.nl/ODataApi/odata/84043NED/TypedDataSet
   ⚠️  Empty
[160/783] 84078NED (hernieuwbaar)
⚠️  HTTP 500: https://opendata.cbs.nl/ODataApi/odata/84078NED/TypedDataSet
   ⚠️  Empty
[161/783] 83072NED (hernieuwbaar)
⚠️  HTTP 500: https://opendata.cbs.nl/ODataApi/odata/83072NED/TypedDataSet
   ⚠️  Empty
[162/783] 71914ned (hernieuwbaar)
   ✅ 16 rows, 48 cols
[163/783] 37494 (hernieuwbaar)
   ✅ 8 rows, 66 cols
[164/783] 70636ned (hernieuwbaar)
⚠️  HTTP 403: https://opendata.cbs.nl/ODataApi/odata/70636ned/TypedDataSet
   ⚠️  Empty
[165/783] 81329NED (hernieuwbaar)
   ✅ 112 rows, 27 cols
[166/783] 71559ned (hernieuwbaar)
   ✅ 216 rows, 12 cols
[167/783] 83780NED (hernieuwbaar)
   ✅ 1,458 rows, 12 cols
[168/783] 71885ned (hernieuwbaar)
   ✅ 2,016 rows, 11 cols
[169/783] 71339ned (hernieuwbaar)
   ✅ 360 rows, 8 cols
[170/783] 80298ned (hernieuwbaar)
   ✅ 1,440 rows, 12 cols
[171/783] 70104NED (hernieuwbaar)
   ✅ 16 rows, 14 cols
[172/783] 81174ned (hernieuwbaar)
   ✅ 288 rows, 90 cols
[173/783] 81173ned (hernieuwbaar)
   ✅ 480 rows, 89 cols
[174/783] 81976NED (hernieuwbaar)
   ✅ 147 rows, 41 cols
[175/783] 71011ned (hernieuwbaar)
   ✅ 56 rows, 48 cols
[176/783] 70837ned (hernieuwbaar)
   ✅ 57 rows, 60 cols
[177/783] 37184 (hernieuwbaar)
   ✅ 136 rows, 80 cols
[178/783] 70129ned (hernieuwbaar)
   ✅ 702 rows, 13 cols
[179/783] 83674NED (hernieuwbaar)
   ✅ 3,888 rows, 27 cols
[180/783] 82166NED (hernieuwbaar)
   ✅ 3,996 rows, 45 cols
[181/783] 7068gi (hernieuwbaar)
   ✅ 21 rows, 444 cols
[182/783] 71775ned (hernieuwbaar)
   ✅ 282 rows, 53 cols
[183/783] 82551NED (hernieuwbaar)
   ✅ 1,152 rows, 7 cols
[184/783] 82552NED (hernieuwbaar)
   ✅ 6,696 rows, 5 cols
[185/783] 82468NED (hernieuwbaar)
   ✅ 288 rows, 7 cols
[186/783] 82503NED (hernieuwbaar)
⚠️  HTTP 500: https://opendata.cbs.nl/ODataApi/odata/82503NED/TypedDataSet
   ⚠️  Empty
[187/783] 71578ned (hernieuwbaar)
   ✅ 2,772 rows, 11 cols
[188/783] 71575ned (hernieuwbaar)
   ✅ 4,620 rows, 11 cols
[189/783] 71574ned (hernieuwbaar)
   ✅ 9,240 rows, 11 cols
[190/783] 81364ned (hernieuwbaar)
   ✅ 4,224 rows, 11 cols
[191/783] 71573ned (hernieuwbaar)
   ✅ 3,927 rows, 10 cols
[192/783] 71577ned (hernieuwbaar)
⚠️  HTTP 500: https://opendata.cbs.nl/ODataApi/odata/71577ned/TypedDataSet
   ⚠️  Empty
[193/783] 71576ned (hernieuwbaar)
   ✅ 7,392 rows, 11 cols
[194/783] 71579ned (hernieuwbaar)
   ✅ 5,544 rows, 11 cols
[195/783] 81447NED (hernieuwbaar)
⚠️  HTTP 500: https://opendata.cbs.nl/ODataApi/odata/81447NED/TypedDataSet
   ⚠️  Empty
[196/783] 81450NED (hernieuwbaar)
⚠️  HTTP 500: https://opendata.cbs.nl/ODataApi/odata/81450NED/TypedDataSet
   ⚠️  Empty
[197/783] 81454NED (hernieuwbaar)
⚠️  HTTP 500: https://opendata.cbs.nl/ODataApi/odata/81454NED/TypedDataSet
   ⚠️  Empty
[198/783] 81455NED (hernieuwbaar)
⚠️  HTTP 500: https://opendata.cbs.nl/ODataApi/odata/81455NED/TypedDataSet
   ⚠️  Empty
[199/783] 83005NED (hernieuwbaar)
   ✅ 1,464 rows, 152 cols
[200/783] 83384NED (hernieuwbaar)
   ✅ 2,340 rows, 129 cols

================================================================================
📊 PROGRESS: 200/783 (25.5%)
⏱️  Elapsed: 4.6min | Remaining: ~13.4min (~0.2h)
✅ Success: 101/200 (50%)
================================================================================

[201/783] 7069LS (hernieuwbaar)
   ✅ 13 rows, 205 cols
[202/783] 03799 (hernieuwbaar)
   ✅ 1,440 rows, 303 cols
[203/783] 70793ned (hernieuwbaar)
   ✅ 114 rows, 19 cols
[204/783] 83021NED (hernieuwbaar)
   ✅ 1,464 rows, 129 cols
[205/783] 81466ned (hernieuwbaar)
   ✅ 1,500 rows, 8 cols
[206/783] 82612NED (hernieuwbaar)
   ✅ 324 rows, 24 cols
[207/783] 7109 (hernieuwbaar)
   ✅ 52 rows, 34 cols
[208/783] 70983ned (hernieuwbaar)
   ✅ 36 rows, 43 cols
[209/783] 37751 (hernieuwbaar)
   ✅ 12 rows, 14 cols
[210/783] 70845ned (hernieuwbaar)
   ✅ 12 rows, 40 cols
[211/783] 7112_GGD (hernieuwbaar)
   ✅ 16 rows, 107 cols
[212/783] 82802NED (hernieuwbaar)
   ✅ 80 rows, 69 cols
[213/783] 82796NED (hernieuwbaar)
   ✅ 81 rows, 82 cols
[214/783] 80152ned (hernieuwbaar)
   ✅ 105 rows, 23 cols
[215/783] 7336SHFO (hernieuwbaar)
   ✅ 610 rows, 17 cols
[216/783] 70175NED (hernieuwbaar)
   ✅ 136 rows, 5 cols
[217/783] 70964ned (hernieuwbaar)
   ✅ 72 rows, 200 cols
[218/783] 82903NED (hernieuwbaar)
   ✅ 7,040 rows, 5 cols
[219/783] 82902NED (hernieuwbaar)
⚠️  HTTP 500: https://opendata.cbs.nl/ODataApi/odata/82902NED/TypedDataSet
   ⚠️  Empty
[220/783] 80182ned (hernieuwbaar)
   ✅ 217 rows, 21 cols
[221/783] 7219WEER (hernieuwbaar)
   ✅ 1,505 rows, 6 cols
[222/783] 80603ned (hernieuwbaar)
⚠️  HTTP 500: https://opendata.cbs.nl/ODataApi/odata/80603ned/TypedDataSet
   ⚠️  Empty
[223/783] 82926NED (hernieuwbaar)
⚠️  HTTP 500: https://opendata.cbs.nl/ODataApi/odata/82926NED/TypedDataSet
   ⚠️  Empty
[224/783] 83829NED (hernieuwbaar)
⚠️  HTTP 500: https://opendata.cbs.nl/ODataApi/odata/83829NED/TypedDataSet
   ⚠️  Empty
[225/783] 83828NED (hernieuwbaar)
⚠️  HTTP 500: https://opendata.cbs.nl/ODataApi/odata/83828NED/TypedDataSet
   ⚠️  Empty
[226/783] 83830NED (hernieuwbaar)
⚠️  HTTP 500: https://opendata.cbs.nl/ODataApi/odata/83830NED/TypedDataSet
   ⚠️  Empty
[227/783] 83831NED (hernieuwbaar)
⚠️  HTTP 500: https://opendata.cbs.nl/ODataApi/odata/83831NED/TypedDataSet
   ⚠️  Empty
[228/783] 70790ned (hernieuwbaar)
   ✅ 3,024 rows, 38 cols
[229/783] 83170NED (hernieuwbaar)
⚠️  HTTP 500: https://opendata.cbs.nl/ODataApi/odata/83170NED/TypedDataSet
   ⚠️  Empty
[230/783] 83812NED (hernieuwbaar)
⚠️  HTTP 500: https://opendata.cbs.nl/ODataApi/odata/83812NED/TypedDataSet
   ⚠️  Empty
[231/783] 83811NED (hernieuwbaar)
⚠️  HTTP 500: https://opendata.cbs.nl/ODataApi/odata/83811NED/TypedDataSet
   ⚠️  Empty
[232/783] 83813NED (hernieuwbaar)
⚠️  HTTP 500: https://opendata.cbs.nl/ODataApi/odata/83813NED/TypedDataSet
   ⚠️  Empty
[233/783] 83814NED (hernieuwbaar)
⚠️  HTTP 500: https://opendata.cbs.nl/ODataApi/odata/83814NED/TypedDataSet
   ⚠️  Empty
[234/783] 83090NED (hernieuwbaar)
⚠️  HTTP 500: https://opendata.cbs.nl/ODataApi/odata/83090NED/TypedDataSet
   ⚠️  Empty
[235/783] 83091NED (hernieuwbaar)
⚠️  HTTP 500: https://opendata.cbs.nl/ODataApi/odata/83091NED/TypedDataSet
   ⚠️  Empty
[236/783] 83171NED (hernieuwbaar)
⚠️  HTTP 500: https://opendata.cbs.nl/ODataApi/odata/83171NED/TypedDataSet
   ⚠️  Empty
[237/783] 83182NED (hernieuwbaar)
⚠️  HTTP 500: https://opendata.cbs.nl/ODataApi/odata/83182NED/TypedDataSet
   ⚠️  Empty
[238/783] 7061 (hernieuwbaar)
   ✅ 120 rows, 8 cols
[239/783] 71099ned (hernieuwbaar)
   ✅ 260 rows, 8 cols
[240/783] 7242 (hernieuwbaar)
   ✅ 130 rows, 8 cols
[241/783] 37632 (hernieuwbaar)
   ✅ 27 rows, 19 cols
[242/783] 70268ned (hernieuwbaar)
   ✅ 24 rows, 60 cols
[243/783] 70269NED (hernieuwbaar)
   ✅ 208 rows, 11 cols
[244/783] 70220ned (hernieuwbaar)
   ✅ 276 rows, 107 cols
[245/783] 85824ENG (hernieuwbaar)
⚠️  HTTP 500: https://opendata.cbs.nl/ODataApi/odata/85824ENG/TypedDataSet
   ⚠️  Empty
[246/783] 83177ENG (hernieuwbaar)
   ✅ 18 rows, 272 cols
[247/783] 71099eng (hernieuwbaar)
   ✅ 260 rows, 8 cols
[248/783] 7242ENG (hernieuwbaar)
   ✅ 130 rows, 8 cols
[249/783] 83982NED (co2)
⚠️  HTTP 500: https://opendata.cbs.nl/ODataApi/odata/83982NED/TypedDataSet
   ⚠️  Empty
[250/783] 84071NED (co2)
   ✅ 1,230 rows, 34 cols

================================================================================
📊 PROGRESS: 250/783 (31.9%)
⏱️  Elapsed: 5.7min | Remaining: ~12.1min (~0.2h)
✅ Success: 133/250 (53%)
================================================================================

[251/783] 83475NED (co2)
   ✅ 70 rows, 105 cols
[252/783] 85668NED (co2)
⚠️  HTTP 500: https://opendata.cbs.nl/ODataApi/odata/85668NED/TypedDataSet
   ⚠️  Empty
[253/783] 85347NED (co2)
   ✅ 245 rows, 33 cols
[254/783] 85670NED (co2)
   ✅ 6,480 rows, 5 cols
[255/783] 37502 (co2)
   ✅ 63 rows, 54 cols
[256/783] 82505NED (co2)
⚠️  HTTP 500: https://opendata.cbs.nl/ODataApi/odata/82505NED/TypedDataSet
   ⚠️  Empty
[257/783] 81229ned (co2)
   ✅ 396 rows, 8 cols
[258/783] 37137emi (co2)
   ✅ 4,742 rows, 15 cols
[259/783] 81409ned (co2)
   ✅ 792 rows, 21 cols
[260/783] 81395ned (co2)
   ✅ 1,728 rows, 16 cols
[261/783] 82955NED (co2)
   ✅ 414 rows, 15 cols
[262/783] 83605NED (co2)
   ✅ 420 rows, 15 cols
[263/783] 71468ned (co2)
   ✅ 1,340 rows, 16 cols
[264/783] 81384ned (co2)
   ✅ 1,104 rows, 15 cols
[265/783] 71467ned (co2)
   ✅ 966 rows, 15 cols
[266/783] 81010ned (co2)
   ✅ 360 rows, 8 cols
[267/783] 80447ned (co2)
   ✅ 360 rows, 8 cols
[268/783] 80190ned (co2)
   ✅ 360 rows, 8 cols
[269/783] 71421ned (co2)
   ✅ 720 rows, 9 cols
[270/783] 37436 (co2)
   ✅ 120 rows, 15 cols
[271/783] 37221 (co2)
   ✅ 648 rows, 13 cols
[272/783] 84735NED (co2)
   ✅ 8,064 rows, 5 cols
[273/783] 7062 (co2)
   ✅ 609 rows, 23 cols
[274/783] 7063 (co2)
   ✅ 992 rows, 71 cols
[275/783] 70947ned (co2)
   ✅ 600 rows, 10 cols
[276/783] 81353ned (co2)
   ✅ 936 rows, 33 cols
[277/783] 71228ned (co2)
   ✅ 891 rows, 33 cols
[278/783] 85670ENG (co2)
   ✅ 6,480 rows, 5 cols
[279/783] 85668ENG (co2)
⚠️  HTTP 500: https://opendata.cbs.nl/ODataApi/odata/85668ENG/TypedDataSet
   ⚠️  Empty
[280/783] 85218ENG (co2)
   ✅ 1,200 rows, 11 cols
[281/783] 82873ENG (co2)
   ✅ 520 rows, 23 cols
[282/783] 81395ENG (co2)
   ✅ 1,728 rows, 16 cols
[283/783] 82955ENG (co2)
   ✅ 414 rows, 15 cols
[284/783] 81384ENG (co2)
   ✅ 1,104 rows, 15 cols
[285/783] 83605ENG (co2)
   ✅ 420 rows, 15 cols
[286/783] 81409eng (co2)
   ✅ 792 rows, 21 cols
[287/783] 81010eng (co2)
   ✅ 360 rows, 8 cols
[288/783] 80447eng (co2)
   ✅ 360 rows, 8 cols
[289/783] 70947eng (co2)
   ✅ 600 rows, 10 cols
[290/783] 37221eng (co2)
   ✅ 648 rows, 13 cols
[291/783] 80448eng (co2)
   ✅ 609 rows, 23 cols
[292/783] 84735ENG (co2)
   ✅ 8,064 rows, 5 cols
[293/783] 7063eng (co2)
   ✅ 992 rows, 71 cols
[294/783] 85940NED (verbruik)
⚠️  HTTP 500: https://opendata.cbs.nl/ODataApi/odata/85940NED/TypedDataSet
   ⚠️  Empty
[295/783] 86118NED (verbruik)
   ✅ 7 rows, 197 cols
[296/783] 86120NED (verbruik)
   ✅ 54 rows, 197 cols
[297/783] 86119NED (verbruik)
   ✅ 64 rows, 198 cols
[298/783] 86117NED (verbruik)
   ✅ 11 rows, 170 cols
[299/783] 86116NED (verbruik)
   ✅ 84 rows, 171 cols
[300/783] 86121NED (verbruik)
   ✅ 38 rows, 84 cols

================================================================================
📊 PROGRESS: 300/783 (38.3%)
⏱️  Elapsed: 6.8min | Remaining: ~11.0min (~0.2h)
✅ Success: 179/300 (60%)
================================================================================

[301/783] 86122NED (verbruik)
   ✅ 70 rows, 69 cols
[302/783] 86073NED (verbruik)
   ✅ 7 rows, 187 cols
[303/783] 86075NED (verbruik)
   ✅ 54 rows, 187 cols
[304/783] 86074NED (verbruik)
   ✅ 64 rows, 188 cols
[305/783] 86072NED (verbruik)
   ✅ 11 rows, 174 cols
[306/783] 86071NED (verbruik)
   ✅ 84 rows, 175 cols
[307/783] 86076NED (verbruik)
   ✅ 38 rows, 99 cols
[308/783] 86077NED (verbruik)
   ✅ 70 rows, 83 cols
[309/783] 85734NED (verbruik)
   ✅ 7 rows, 217 cols
[310/783] 85736NED (verbruik)
   ✅ 54 rows, 217 cols
[311/783] 85735NED (verbruik)
   ✅ 64 rows, 218 cols
[312/783] 85733NED (verbruik)
   ✅ 11 rows, 181 cols
[313/783] 85732NED (verbruik)
   ✅ 84 rows, 182 cols
[314/783] 85737NED (verbruik)
   ✅ 38 rows, 92 cols
[315/783] 85738NED (verbruik)
   ✅ 70 rows, 77 cols
[316/783] 85409NED (verbruik)
   ✅ 7 rows, 228 cols
[317/783] 85411NED (verbruik)
   ✅ 54 rows, 228 cols
[318/783] 85410NED (verbruik)
   ✅ 64 rows, 229 cols
[319/783] 85408NED (verbruik)
   ✅ 11 rows, 157 cols
[320/783] 85407NED (verbruik)
   ✅ 84 rows, 158 cols
[321/783] 85412NED (verbruik)
   ✅ 38 rows, 106 cols
[322/783] 85413NED (verbruik)
   ✅ 70 rows, 91 cols
[323/783] 85179NED (verbruik)
   ✅ 7 rows, 205 cols
[324/783] 85181NED (verbruik)
   ✅ 54 rows, 205 cols
[325/783] 85180NED (verbruik)
   ✅ 64 rows, 206 cols
[326/783] 85178NED (verbruik)
   ✅ 11 rows, 131 cols
[327/783] 85183NED (verbruik)
   ✅ 84 rows, 132 cols
[328/783] 85182NED (verbruik)
   ✅ 38 rows, 89 cols
[329/783] 85185NED (verbruik)
   ✅ 70 rows, 74 cols
[330/783] 84830NED (verbruik)
   ✅ 7 rows, 184 cols
[331/783] 84831NED (verbruik)
   ✅ 64 rows, 185 cols
[332/783] 84832NED (verbruik)
   ✅ 54 rows, 184 cols
[333/783] 84829NED (verbruik)
   ✅ 11 rows, 133 cols
[334/783] 84828NED (verbruik)
   ✅ 84 rows, 134 cols
[335/783] 84676NED (verbruik)
   ✅ 7 rows, 190 cols
[336/783] 84677NED (verbruik)
   ✅ 64 rows, 191 cols
[337/783] 84678NED (verbruik)
   ✅ 54 rows, 190 cols
[338/783] 84675NED (verbruik)
   ✅ 11 rows, 157 cols
[339/783] 84674NED (verbruik)
   ✅ 84 rows, 158 cols
[340/783] 84404NED (verbruik)
   ✅ 7 rows, 194 cols
[341/783] 84408NED (verbruik)
   ✅ 42 rows, 194 cols
[342/783] 84409NED (verbruik)
   ✅ 64 rows, 195 cols
[343/783] 84410NED (verbruik)
   ✅ 11 rows, 130 cols
[344/783] 84411NED (verbruik)
   ✅ 84 rows, 131 cols
[345/783] 83249NED (verbruik)
   ✅ 23 rows, 11 cols
[346/783] 86260NED (verbruik)
   ✅ 9,405 rows, 12 cols
[347/783] 82211NED (verbruik)
⚠️  HTTP 500: https://opendata.cbs.nl/ODataApi/odata/82211NED/TypedDataSet
   ⚠️  Empty
[348/783] 86098NED (verbruik)
⚠️  HTTP 500: https://opendata.cbs.nl/ODataApi/odata/86098NED/TypedDataSet
   ⚠️  Empty
[349/783] 82870NED (verbruik)
   ✅ 312 rows, 30 cols
[350/783] 85799NED (verbruik)
   ✅ 20 rows, 11 cols

================================================================================
📊 PROGRESS: 350/783 (44.7%)
⏱️  Elapsed: 7.8min | Remaining: ~9.7min (~0.2h)
✅ Success: 227/350 (65%)
================================================================================

[351/783] 82803NED (verbruik)
   ✅ 312 rows, 36 cols
[352/783] 84472NED (verbruik)
   ✅ 552 rows, 19 cols
[353/783] 85660NED (verbruik)
   ✅ 6,156 rows, 11 cols
[354/783] 85098NED (verbruik)
   ✅ 5,473 rows, 8 cols
[355/783] 82972NED (verbruik)
   ✅ 9,766 rows, 8 cols
[356/783] 84529NED (verbruik)
⚠️  HTTP 500: https://opendata.cbs.nl/ODataApi/odata/84529NED/TypedDataSet
   ⚠️  Empty
[357/783] 86154NED (verbruik)
⚠️  HTTP 500: https://opendata.cbs.nl/ODataApi/odata/86154NED/TypedDataSet
   ⚠️  Empty
[358/783] 85985NED (verbruik)
⚠️  HTTP 500: https://opendata.cbs.nl/ODataApi/odata/85985NED/TypedDataSet
   ⚠️  Empty
[359/783] 85594NED (verbruik)
⚠️  HTTP 500: https://opendata.cbs.nl/ODataApi/odata/85594NED/TypedDataSet
   ⚠️  Empty
[360/783] 85310NED (verbruik)
⚠️  HTTP 500: https://opendata.cbs.nl/ODataApi/odata/85310NED/TypedDataSet
   ⚠️  Empty
[361/783] 85038NED (verbruik)
⚠️  HTTP 500: https://opendata.cbs.nl/ODataApi/odata/85038NED/TypedDataSet
   ⚠️  Empty
[362/783] 84812NED (verbruik)
⚠️  HTTP 500: https://opendata.cbs.nl/ODataApi/odata/84812NED/TypedDataSet
   ⚠️  Empty
[363/783] 84599NED (verbruik)
⚠️  HTTP 500: https://opendata.cbs.nl/ODataApi/odata/84599NED/TypedDataSet
   ⚠️  Empty
[364/783] 84579NED (verbruik)
⚠️  HTTP 500: https://opendata.cbs.nl/ODataApi/odata/84579NED/TypedDataSet
   ⚠️  Empty
[365/783] 86060NED (verbruik)
⚠️  HTTP 500: https://opendata.cbs.nl/ODataApi/odata/86060NED/TypedDataSet
   ⚠️  Empty
[366/783] 86156NED (verbruik)
⚠️  HTTP 500: https://opendata.cbs.nl/ODataApi/odata/86156NED/TypedDataSet
   ⚠️  Empty
[367/783] 85994NED (verbruik)
⚠️  HTTP 500: https://opendata.cbs.nl/ODataApi/odata/85994NED/TypedDataSet
   ⚠️  Empty
[368/783] 86197NED (verbruik)
⚠️  HTTP 500: https://opendata.cbs.nl/ODataApi/odata/86197NED/TypedDataSet
   ⚠️  Empty
[369/783] 86196NED (verbruik)
⚠️  HTTP 500: https://opendata.cbs.nl/ODataApi/odata/86196NED/TypedDataSet
   ⚠️  Empty
[370/783] 86195NED (verbruik)
⚠️  HTTP 500: https://opendata.cbs.nl/ODataApi/odata/86195NED/TypedDataSet
   ⚠️  Empty
[371/783] 86194NED (verbruik)
⚠️  HTTP 500: https://opendata.cbs.nl/ODataApi/odata/86194NED/TypedDataSet
   ⚠️  Empty
[372/783] 86193NED (verbruik)
⚠️  HTTP 500: https://opendata.cbs.nl/ODataApi/odata/86193NED/TypedDataSet
   ⚠️  Empty
[373/783] 86192NED (verbruik)
⚠️  HTTP 500: https://opendata.cbs.nl/ODataApi/odata/86192NED/TypedDataSet
   ⚠️  Empty
[374/783] 86191NED (verbruik)
⚠️  HTTP 500: https://opendata.cbs.nl/ODataApi/odata/86191NED/TypedDataSet
   ⚠️  Empty
[375/783] 85464NED (verbruik)
   ✅ 3,600 rows, 63 cols
[376/783] 85130NED (verbruik)
⚠️  HTTP 500: https://opendata.cbs.nl/ODataApi/odata/85130NED/TypedDataSet
   ⚠️  Empty
[377/783] 85853NED (verbruik)
   ✅ 11 rows, 385 cols
[378/783] 83983NED (verbruik)
   ✅ 8,960 rows, 27 cols
[379/783] 83981NED (verbruik)
   ✅ 141 rows, 17 cols
[380/783] 85932NED (verbruik)
   ✅ 930 rows, 20 cols
[381/783] 85933NED (verbruik)
   ✅ 31 rows, 160 cols
[382/783] 81302ned (verbruik)
   ✅ 26 rows, 676 cols
[383/783] 80780ned (verbruik)
   ✅ 806 rows, 650 cols
[384/783] 80781ned (verbruik)
⚠️  HTTP 500: https://opendata.cbs.nl/ODataApi/odata/80781ned/TypedDataSet
   ⚠️  Empty
[385/783] 80782ned (verbruik)
   ✅ 1,170 rows, 650 cols
[386/783] 80783ned (verbruik)
⚠️  HTTP 500: https://opendata.cbs.nl/ODataApi/odata/80783ned/TypedDataSet
   ⚠️  Empty
[387/783] 84756NED (verbruik)
   ✅ 600 rows, 632 cols
[388/783] 80787ned (verbruik)
   ✅ 806 rows, 603 cols
[389/783] 71904ned (verbruik)
   ✅ 174 rows, 202 cols
[390/783] 85869NED (verbruik)
   ✅ 616 rows, 63 cols
[391/783] 85872NED (verbruik)
   ✅ 30 rows, 270 cols
[392/783] 85937NED (verbruik)
   ✅ 6,188 rows, 9 cols
[393/783] 85873NED (verbruik)
   ✅ 30 rows, 334 cols
[394/783] 85867NED (verbruik)
   ✅ 3,870 rows, 25 cols
[395/783] 84576NED (verbruik)
   ✅ 6,930 rows, 5 cols
[396/783] 84122NED (verbruik)
⚠️  HTTP 500: https://opendata.cbs.nl/ODataApi/odata/84122NED/TypedDataSet
   ⚠️  Empty
[397/783] 82883NED (verbruik)
   ✅ 1,092 rows, 18 cols
[398/783] 85925NED (verbruik)
⚠️  HTTP 500: https://opendata.cbs.nl/ODataApi/odata/85925NED/TypedDataSet
   ⚠️  Empty
[399/783] 70262ned (verbruik)
   ✅ 7,227 rows, 49 cols
[400/783] 37105 (verbruik)
   ✅ 1,547 rows, 29 cols

================================================================================
📊 PROGRESS: 400/783 (51.1%)
⏱️  Elapsed: 9.5min | Remaining: ~9.1min (~0.2h)
✅ Success: 253/400 (63%)
================================================================================

[401/783] 86211NED (verbruik)
⚠️  HTTP 500: https://opendata.cbs.nl/ODataApi/odata/86211NED/TypedDataSet
   ⚠️  Empty
[402/783] 86210NED (verbruik)
⚠️  HTTP 500: https://opendata.cbs.nl/ODataApi/odata/86210NED/TypedDataSet
   ⚠️  Empty
[403/783] 85217NED (verbruik)
⚠️  HTTP 500: https://opendata.cbs.nl/ODataApi/odata/85217NED/TypedDataSet
   ⚠️  Empty
[404/783] 84324NED (verbruik)
⚠️  HTTP 500: https://opendata.cbs.nl/ODataApi/odata/84324NED/TypedDataSet
   ⚠️  Empty
[405/783] 83365NED (verbruik)
⚠️  HTTP 500: https://opendata.cbs.nl/ODataApi/odata/83365NED/TypedDataSet
   ⚠️  Empty
[406/783] 83207NED (verbruik)
⚠️  HTTP 500: https://opendata.cbs.nl/ODataApi/odata/83207NED/TypedDataSet
   ⚠️  Empty
[407/783] 85619NED (verbruik)
⚠️  HTTP 500: https://opendata.cbs.nl/ODataApi/odata/85619NED/TypedDataSet
   ⚠️  Empty
[408/783] 85770NED (verbruik)
⚠️  HTTP 500: https://opendata.cbs.nl/ODataApi/odata/85770NED/TypedDataSet
   ⚠️  Empty
[409/783] 83935NED (verbruik)
⚠️  HTTP 500: https://opendata.cbs.nl/ODataApi/odata/83935NED/TypedDataSet
   ⚠️  Empty
[410/783] 84707NED (verbruik)
   ✅ 3,780 rows, 8 cols
[411/783] 70256NED (verbruik)
   ✅ 135 rows, 55 cols
[412/783] 84888NED (verbruik)
   ✅ 396 rows, 30 cols
[413/783] 71507ned (verbruik)
   ✅ 60 rows, 4 cols
[414/783] 70088NED (verbruik)
   ✅ 21 rows, 9 cols
[415/783] 72022ned (verbruik)
   ✅ 180 rows, 10 cols
[416/783] 37763 (verbruik)
   ✅ 54 rows, 13 cols
[417/783] 71505ned (verbruik)
   ✅ 315 rows, 9 cols
[418/783] 71516ned (verbruik)
   ✅ 15 rows, 130 cols
[419/783] 83869NED (verbruik)
   ✅ 7 rows, 185 cols
[420/783] 83871NED (verbruik)
   ✅ 64 rows, 186 cols
[421/783] 83870NED (verbruik)
   ✅ 42 rows, 185 cols
[422/783] 83955NED (verbruik)
   ✅ 84 rows, 137 cols
[423/783] 83954NED (verbruik)
   ✅ 11 rows, 136 cols
[424/783] 83589NED (verbruik)
   ✅ 7 rows, 160 cols
[425/783] 83591NED (verbruik)
   ✅ 64 rows, 161 cols
[426/783] 83590NED (verbruik)
   ✅ 42 rows, 160 cols
[427/783] 83245NED (verbruik)
   ✅ 7 rows, 146 cols
[428/783] 83248NED (verbruik)
   ✅ 60 rows, 147 cols
[429/783] 83247NED (verbruik)
   ✅ 41 rows, 146 cols
[430/783] 82898NED (verbruik)
   ✅ 60 rows, 158 cols
[431/783] 82896NED (verbruik)
   ✅ 7 rows, 157 cols
[432/783] 82897NED (verbruik)
   ✅ 41 rows, 157 cols
[433/783] 70212NED (verbruik)
   ✅ 228 rows, 5 cols
[434/783] 70211NED (verbruik)
   ✅ 266 rows, 8 cols
[435/783] 82284NED (verbruik)
   ✅ 60 rows, 129 cols
[436/783] 82282NED (verbruik)
   ✅ 7 rows, 128 cols
[437/783] 82283NED (verbruik)
   ✅ 41 rows, 128 cols
[438/783] 81896NED (verbruik)
   ✅ 52 rows, 139 cols
[439/783] 81934NED (verbruik)
   ✅ 7 rows, 138 cols
[440/783] 81933NED (verbruik)
   ✅ 38 rows, 138 cols
[441/783] 81520NED (verbruik)
   ✅ 7 rows, 118 cols
[442/783] 81521NED (verbruik)
   ✅ 38 rows, 118 cols
[443/783] 81523NED (verbruik)
   ✅ 52 rows, 119 cols
[444/783] 80711ned (verbruik)
   ✅ 38 rows, 132 cols
[445/783] 80712ned (verbruik)
   ✅ 7 rows, 132 cols
[446/783] 80713ned (verbruik)
   ✅ 52 rows, 133 cols
[447/783] 80335ned (verbruik)
   ✅ 38 rows, 108 cols
[448/783] 80337ned (verbruik)
   ✅ 52 rows, 109 cols
[449/783] 80336ned (verbruik)
   ✅ 7 rows, 108 cols
[450/783] 71915ned (verbruik)
   ✅ 7 rows, 107 cols

================================================================================
📊 PROGRESS: 450/783 (57.5%)
⏱️  Elapsed: 10.5min | Remaining: ~7.8min (~0.1h)
✅ Success: 294/450 (65%)
================================================================================

[451/783] 71916ned (verbruik)
   ✅ 37 rows, 107 cols
[452/783] 71917ned (verbruik)
   ✅ 40 rows, 108 cols
[453/783] 71588ned (verbruik)
   ✅ 7 rows, 97 cols
[454/783] 71589ned (verbruik)
   ✅ 36 rows, 97 cols
[455/783] 71590ned (verbruik)
   ✅ 40 rows, 98 cols
[456/783] 71208ned (verbruik)
   ✅ 7 rows, 115 cols
[457/783] 71209ned (verbruik)
   ✅ 36 rows, 115 cols
[458/783] 71210ned (verbruik)
   ✅ 40 rows, 116 cols
[459/783] 71075NED (verbruik)
   ✅ 7 rows, 107 cols
[460/783] 71076NED (verbruik)
   ✅ 36 rows, 107 cols
[461/783] 71077NED (verbruik)
   ✅ 40 rows, 108 cols
[462/783] 70934NED (verbruik)
   ✅ 36 rows, 102 cols
[463/783] 70933NED (verbruik)
   ✅ 7 rows, 102 cols
[464/783] 70935NED (verbruik)
   ✅ 40 rows, 103 cols
[465/783] 70818NED (verbruik)
   ✅ 636 rows, 85 cols
[466/783] 71918ned (verbruik)
   ✅ 4 rows, 108 cols
[467/783] 71919ned (verbruik)
   ✅ 4 rows, 108 cols
[468/783] 71769ned (verbruik)
   ✅ 4 rows, 97 cols
[469/783] 71770ned (verbruik)
   ✅ 4 rows, 97 cols
[470/783] 71211NED (verbruik)
   ✅ 7 rows, 68 cols
[471/783] 71212NED (verbruik)
   ✅ 16 rows, 69 cols
[472/783] 71111ned (verbruik)
   ✅ 7 rows, 74 cols
[473/783] 71112ned (verbruik)
   ✅ 16 rows, 75 cols
[474/783] 71048ned (verbruik)
   ✅ 7 rows, 71 cols
[475/783] 71049ned (verbruik)
   ✅ 16 rows, 72 cols
[476/783] 71993ned (verbruik)
   ✅ 945 rows, 7 cols
[477/783] 71956ned (verbruik)
   ✅ 420 rows, 7 cols
[478/783] 71992ned (verbruik)
   ✅ 735 rows, 7 cols
[479/783] 71954ned (verbruik)
   ✅ 630 rows, 7 cols
[480/783] 71953ned (verbruik)
   ✅ 525 rows, 7 cols
[481/783] 71454ned (verbruik)
   ✅ 462 rows, 4 cols
[482/783] 70251NED (verbruik)
   ✅ 98 rows, 35 cols
[483/783] 70252NED (verbruik)
   ✅ 72 rows, 6 cols
[484/783] 80753ned (verbruik)
   ✅ 86 rows, 8 cols
[485/783] 71870NED (verbruik)
   ✅ 86 rows, 8 cols
[486/783] 37174ned (verbruik)
   ✅ 86 rows, 8 cols
[487/783] 71257ned (verbruik)
   ✅ 86 rows, 8 cols
[488/783] 70853ned (verbruik)
   ✅ 86 rows, 8 cols
[489/783] 70856ned (verbruik)
   ✅ 1,776 rows, 8 cols
[490/783] 70161ned (verbruik)
   ✅ 86 rows, 8 cols
[491/783] 70138ned (verbruik)
   ✅ 1,850 rows, 8 cols
[492/783] 7104 (verbruik)
   ✅ 798 rows, 30 cols
[493/783] 60037 (verbruik)
   ✅ 240 rows, 18 cols
[494/783] 81955NED (verbruik)
⚠️  HTTP 500: https://opendata.cbs.nl/ODataApi/odata/81955NED/TypedDataSet
   ⚠️  Empty
[495/783] 83325NED (verbruik)
   ✅ 3,780 rows, 16 cols
[496/783] 83403NED (verbruik)
   ✅ 6,270 rows, 26 cols
[497/783] 37392 (verbruik)
⚠️  HTTP 500: https://opendata.cbs.nl/ODataApi/odata/37392/TypedDataSet
   ⚠️  Empty
[498/783] 37621 (verbruik)
   ✅ 1,470 rows, 19 cols
[499/783] 37596 (verbruik)
   ✅ 196 rows, 9 cols
[500/783] 80101ned (verbruik)
   ✅ 1,008 rows, 63 cols

================================================================================
📊 PROGRESS: 500/783 (63.9%)
⏱️  Elapsed: 11.6min | Remaining: ~6.5min (~0.1h)
✅ Success: 342/500 (68%)
================================================================================

[501/783] 84714NED (verbruik)
   ✅ 72 rows, 18 cols
[502/783] 71456ned (verbruik)
   ✅ 48 rows, 19 cols
[503/783] 37758 (verbruik)
   ✅ 75 rows, 137 cols
[504/783] 7098BEKU (verbruik)
   ✅ 60 rows, 41 cols
[505/783] 81449NED (verbruik)
⚠️  HTTP 500: https://opendata.cbs.nl/ODataApi/odata/81449NED/TypedDataSet
   ⚠️  Empty
[506/783] 81448NED (verbruik)
⚠️  HTTP 500: https://opendata.cbs.nl/ODataApi/odata/81448NED/TypedDataSet
   ⚠️  Empty
[507/783] 81458NED (verbruik)
⚠️  HTTP 500: https://opendata.cbs.nl/ODataApi/odata/81458NED/TypedDataSet
   ⚠️  Empty
[508/783] 81457NED (verbruik)
⚠️  HTTP 500: https://opendata.cbs.nl/ODataApi/odata/81457NED/TypedDataSet
   ⚠️  Empty
[509/783] 85637NED (verbruik)
⚠️  HTTP 500: https://opendata.cbs.nl/ODataApi/odata/85637NED/TypedDataSet
   ⚠️  Empty
[510/783] 85375NED (verbruik)
⚠️  HTTP 500: https://opendata.cbs.nl/ODataApi/odata/85375NED/TypedDataSet
   ⚠️  Empty
[511/783] 85045NED (verbruik)
⚠️  HTTP 500: https://opendata.cbs.nl/ODataApi/odata/85045NED/TypedDataSet
   ⚠️  Empty
[512/783] 84906NED (verbruik)
⚠️  HTTP 500: https://opendata.cbs.nl/ODataApi/odata/84906NED/TypedDataSet
   ⚠️  Empty
[513/783] 84662NED (verbruik)
⚠️  HTTP 500: https://opendata.cbs.nl/ODataApi/odata/84662NED/TypedDataSet
   ⚠️  Empty
[514/783] 84420NED (verbruik)
⚠️  HTTP 500: https://opendata.cbs.nl/ODataApi/odata/84420NED/TypedDataSet
   ⚠️  Empty
[515/783] 83817NED (verbruik)
⚠️  HTTP 500: https://opendata.cbs.nl/ODataApi/odata/83817NED/TypedDataSet
   ⚠️  Empty
[516/783] 83619NED (verbruik)
⚠️  HTTP 500: https://opendata.cbs.nl/ODataApi/odata/83619NED/TypedDataSet
   ⚠️  Empty
[517/783] 83265NED (verbruik)
⚠️  HTTP 500: https://opendata.cbs.nl/ODataApi/odata/83265NED/TypedDataSet
   ⚠️  Empty
[518/783] 83264NED (verbruik)
⚠️  HTTP 500: https://opendata.cbs.nl/ODataApi/odata/83264NED/TypedDataSet
   ⚠️  Empty
[519/783] 7042mc (verbruik)
   ✅ 30 rows, 428 cols
[520/783] 80167ned (verbruik)
   ✅ 162 rows, 18 cols
[521/783] 80276ned (verbruik)
   ✅ 162 rows, 19 cols
[522/783] 81175ned (verbruik)
   ✅ 264 rows, 69 cols
[523/783] 81177ned (verbruik)
   ✅ 472 rows, 68 cols
[524/783] 7474PROV (verbruik)
   ✅ 105 rows, 146 cols
[525/783] 60052ned (verbruik)
   ✅ 22 rows, 135 cols
[526/783] 7125 (verbruik)
   ✅ 2,527 rows, 73 cols
[527/783] 7126 (verbruik)
   ✅ 348 rows, 24 cols
[528/783] 37928 (verbruik)
   ✅ 8 rows, 71 cols
[529/783] 70955NED (verbruik)
   ✅ 3 rows, 83 cols
[530/783] 37374 (verbruik)
   ✅ 47 rows, 4 cols
[531/783] 37154 (verbruik)
   ✅ 111 rows, 57 cols
[532/783] 70076ned (verbruik)
⚠️  HTTP 500: https://opendata.cbs.nl/ODataApi/odata/70076ned/TypedDataSet
   ⚠️  Empty
[533/783] 82608NED (verbruik)
   ✅ 5,796 rows, 9 cols
[534/783] 71052NED (verbruik)
   ✅ 6,916 rows, 16 cols
[535/783] 37662 (verbruik)
   ✅ 83 rows, 54 cols
[536/783] 84007NED (verbruik)
   ✅ 910 rows, 35 cols
[537/783] 82886NED (verbruik)
   ✅ 3,834 rows, 20 cols
[538/783] 84010NED (verbruik)
⚠️  HTTP 500: https://opendata.cbs.nl/ODataApi/odata/84010NED/TypedDataSet
   ⚠️  Empty
[539/783] 37606 (verbruik)
   ✅ 2,328 rows, 9 cols
[540/783] 80885ned (verbruik)
   ✅ 5,040 rows, 50 cols
[541/783] 82506NED (verbruik)
   ✅ 5,500 rows, 28 cols
[542/783] 82504NED (verbruik)
   ✅ 40 rows, 25 cols
[543/783] 80408ned (verbruik)
   ✅ 36 rows, 46 cols
[544/783] 7311slmi (verbruik)
⚠️  HTTP 500: https://opendata.cbs.nl/ODataApi/odata/7311slmi/TypedDataSet
   ⚠️  Empty
[545/783] 70950NED (verbruik)
   ✅ 3,840 rows, 62 cols
[546/783] 37569 (verbruik)
   ✅ 117 rows, 120 cols
[547/783] 84297NED (verbruik)
   ✅ 952 rows, 20 cols
[548/783] 82992NED (verbruik)
   ✅ 748 rows, 20 cols
[549/783] 84298NED (verbruik)
   ✅ 29 rows, 160 cols
[550/783] 82993NED (verbruik)
   ✅ 23 rows, 160 cols

================================================================================
📊 PROGRESS: 550/783 (70.2%)
⏱️  Elapsed: 12.8min | Remaining: ~5.4min (~0.1h)
✅ Success: 375/550 (68%)
================================================================================

[551/783] 71465ned (verbruik)
   ✅ 500 rows, 595 cols
[552/783] 71416ned (verbruik)
   ✅ 7,070 rows, 75 cols
[553/783] 71466ned (verbruik)
⚠️  HTTP 500: https://opendata.cbs.nl/ODataApi/odata/71466ned/TypedDataSet
   ⚠️  Empty
[554/783] 71284ned (verbruik)
   ✅ 310 rows, 595 cols
[555/783] 71921ned (verbruik)
   ✅ 310 rows, 99 cols
[556/783] 37858 (verbruik)
   ✅ 101 rows, 455 cols
[557/783] 70786ned (verbruik)
   ✅ 90 rows, 9 cols
[558/783] 70699ned (verbruik)
   ✅ 1,544 rows, 28 cols
[559/783] 7205SHFO (verbruik)
   ✅ 60 rows, 100 cols
[560/783] 37561weu (verbruik)
   ✅ 311 rows, 18 cols
[561/783] 81150ned (verbruik)
   ✅ 1,625 rows, 36 cols
[562/783] 84092NED (verbruik)
   ✅ 1,232 rows, 63 cols
[563/783] 83068NED (verbruik)
   ✅ 3,190 rows, 63 cols
[564/783] 37741nr (verbruik)
   ✅ 138 rows, 133 cols
[565/783] 81609NED (verbruik)
   ✅ 44 rows, 162 cols
[566/783] 81119ned (verbruik)
   ✅ 5,456 rows, 24 cols
[567/783] 81608NED (verbruik)
   ✅ 44 rows, 234 cols
[568/783] 84093NED (verbruik)
   ✅ 28 rows, 270 cols
[569/783] 83069NED (verbruik)
   ✅ 48 rows, 266 cols
[570/783] 84094NED (verbruik)
   ✅ 28 rows, 238 cols
[571/783] 83071NED (verbruik)
   ✅ 48 rows, 234 cols
[572/783] 7465nr (verbruik)
   ✅ 1,449 rows, 18 cols
[573/783] 7464nr (verbruik)
   ✅ 2,870 rows, 22 cols
[574/783] 84088NED (verbruik)
   ✅ 3,612 rows, 25 cols
[575/783] 82572NED (verbruik)
   ✅ 5,952 rows, 25 cols
[576/783] 81120ned (verbruik)
   ✅ 150 rows, 22 cols
[577/783] 84114NED (verbruik)
   ✅ 129 rows, 30 cols
[578/783] 82568NED (verbruik)
   ✅ 24 rows, 95 cols
[579/783] 82560NED (verbruik)
   ✅ 99 rows, 39 cols
[580/783] 81398ned (verbruik)
   ✅ 567 rows, 8 cols
[581/783] 80693ned (verbruik)
   ✅ 222 rows, 8 cols
[582/783] 84419NED (verbruik)
⚠️  HTTP 500: https://opendata.cbs.nl/ODataApi/odata/84419NED/TypedDataSet
   ⚠️  Empty
[583/783] 82797NED (verbruik)
⚠️  HTTP 500: https://opendata.cbs.nl/ODataApi/odata/82797NED/TypedDataSet
   ⚠️  Empty
[584/783] 71053NED (verbruik)
⚠️  HTTP 500: https://opendata.cbs.nl/ODataApi/odata/71053NED/TypedDataSet
   ⚠️  Empty
[585/783] PCR7016 (verbruik)
⚠️  HTTP 500: https://opendata.cbs.nl/ODataApi/odata/PCR7016/TypedDataSet
   ⚠️  Empty
[586/783] 37590tak (verbruik)
⚠️  HTTP 500: https://opendata.cbs.nl/ODataApi/odata/37590tak/TypedDataSet
   ⚠️  Empty
[587/783] 7375slmi (verbruik)
   ✅ 288 rows, 20 cols
[588/783] 60062 (verbruik)
⚠️  HTTP 500: https://opendata.cbs.nl/ODataApi/odata/60062/TypedDataSet
   ⚠️  Empty
[589/783] 37995 (verbruik)
   ✅ 4,590 rows, 20 cols
[590/783] 80481NED (verbruik)
   ✅ 3,840 rows, 25 cols
[591/783] 37124 (verbruik)
   ✅ 18 rows, 13 cols
[592/783] 70649NED (verbruik)
   ✅ 198 rows, 21 cols
[593/783] 37687wat (verbruik)
   ✅ 884 rows, 12 cols
[594/783] 7041BBOD (verbruik)
   ✅ 3,198 rows, 44 cols
[595/783] 81365ned (verbruik)
⚠️  HTTP 500: https://opendata.cbs.nl/ODataApi/odata/81365ned/TypedDataSet
   ⚠️  Empty
[596/783] 70000NED (verbruik)
   ✅ 17 rows, 127 cols
[597/783] 7133_TB4 (verbruik)
   ✅ 24 rows, 26 cols
[598/783] 7132_TB3 (verbruik)
   ✅ 56 rows, 10 cols
[599/783] 81242ned (verbruik)
   ✅ 63 rows, 34 cols
[600/783] 81197ned (verbruik)
   ✅ 5,760 rows, 5 cols

================================================================================
📊 PROGRESS: 600/783 (76.6%)
⏱️  Elapsed: 14.2min | Remaining: ~4.3min (~0.1h)
✅ Success: 417/600 (70%)
================================================================================

[601/783] 81196ned (verbruik)
   ✅ 26 rows, 95 cols
[602/783] 37611 (verbruik)
   ✅ 51 rows, 6 cols
[603/783] 81974NED (verbruik)
⚠️  HTTP 500: https://opendata.cbs.nl/ODataApi/odata/81974NED/TypedDataSet
   ⚠️  Empty
[604/783] 71933ned (verbruik)
⚠️  HTTP 500: https://opendata.cbs.nl/ODataApi/odata/71933ned/TypedDataSet
   ⚠️  Empty
[605/783] 70704ned (verbruik)
   ✅ 1,088 rows, 5 cols
[606/783] 70038SBI (verbruik)
⚠️  HTTP 500: https://opendata.cbs.nl/ODataApi/odata/70038SBI/TypedDataSet
   ⚠️  Empty
[607/783] 7035_SBI (verbruik)
   ✅ 9,828 rows, 29 cols
[608/783] 37696 (verbruik)
   ✅ 62 rows, 60 cols
[609/783] 81103ned (verbruik)
   ✅ 1,050 rows, 28 cols
[610/783] 81125ned (verbruik)
   ✅ 1,680 rows, 7 cols
[611/783] 83496NED (verbruik)
   ✅ 984 rows, 6 cols
[612/783] 70002NED (verbruik)
   ✅ 8 rows, 120 cols
[613/783] 70003NED (verbruik)
   ✅ 6 rows, 108 cols
[614/783] 83804NED (verbruik)
   ✅ 5 rows, 77 cols
[615/783] 37650 (verbruik)
   ✅ 75 rows, 60 cols
[616/783] 70258NED (verbruik)
   ✅ 15 rows, 43 cols
[617/783] 7193SKCR (verbruik)
   ✅ 9 rows, 59 cols
[618/783] 60055ned (verbruik)
   ✅ 24 rows, 142 cols
[619/783] 83428NED (verbruik)
   ✅ 555 rows, 44 cols
[620/783] 71102ned (verbruik)
   ✅ 198 rows, 38 cols
[621/783] 71098ned (verbruik)
   ✅ 306 rows, 137 cols
[622/783] 83429NED (verbruik)
   ✅ 888 rows, 74 cols
[623/783] 70655ned (verbruik)
   ✅ 852 rows, 151 cols
[624/783] 85799ENG (verbruik)
   ✅ 20 rows, 11 cols
[625/783] 84472ENG (verbruik)
   ✅ 552 rows, 19 cols
[626/783] 85940ENG (verbruik)
⚠️  HTTP 500: https://opendata.cbs.nl/ODataApi/odata/85940ENG/TypedDataSet
   ⚠️  Empty
[627/783] 84122ENG (verbruik)
⚠️  HTTP 500: https://opendata.cbs.nl/ODataApi/odata/84122ENG/TypedDataSet
   ⚠️  Empty
[628/783] 84576ENG (verbruik)
   ✅ 6,930 rows, 5 cols
[629/783] 85872ENG (verbruik)
   ✅ 30 rows, 270 cols
[630/783] 85873ENG (verbruik)
   ✅ 30 rows, 334 cols
[631/783] 85937ENG (verbruik)
   ✅ 6,188 rows, 9 cols
[632/783] 85867ENG (verbruik)
   ✅ 3,870 rows, 25 cols
[633/783] 85887ENG (verbruik)
   ✅ 123 rows, 93 cols
[634/783] 37621eng (verbruik)
   ✅ 1,470 rows, 19 cols
[635/783] 83325ENG (verbruik)
   ✅ 3,798 rows, 16 cols
[636/783] 83403ENG (verbruik)
   ✅ 6,270 rows, 26 cols
[637/783] 80100eng (verbruik)
   ✅ 9,780 rows, 26 cols
[638/783] 03799eng (verbruik)
   ✅ 1,440 rows, 303 cols
[639/783] 81177eng (verbruik)
   ✅ 472 rows, 68 cols
[640/783] 81175eng (verbruik)
   ✅ 264 rows, 69 cols
[641/783] 81466ENG (verbruik)
   ✅ 1,500 rows, 8 cols
[642/783] 82608ENG (verbruik)
   ✅ 5,796 rows, 9 cols
[643/783] 71052eng (verbruik)
   ✅ 6,916 rows, 16 cols
[644/783] 70076eng (verbruik)
⚠️  HTTP 500: https://opendata.cbs.nl/ODataApi/odata/70076eng/TypedDataSet
   ⚠️  Empty
[645/783] 84093ENG (verbruik)
   ✅ 28 rows, 270 cols
[646/783] 83069ENG (verbruik)
   ✅ 48 rows, 266 cols
[647/783] 84094ENG (verbruik)
   ✅ 28 rows, 238 cols
[648/783] 83071ENG (verbruik)
   ✅ 48 rows, 234 cols
[649/783] 82572ENG (verbruik)
   ✅ 5,952 rows, 25 cols
[650/783] 84088ENG (verbruik)
   ✅ 3,612 rows, 25 cols

================================================================================
📊 PROGRESS: 650/783 (83.0%)
⏱️  Elapsed: 15.7min | Remaining: ~3.2min (~0.1h)
✅ Success: 461/650 (71%)
================================================================================

[651/783] 81119eng (verbruik)
   ✅ 5,456 rows, 24 cols
[652/783] 37590eng (verbruik)
⚠️  HTTP 500: https://opendata.cbs.nl/ODataApi/odata/37590eng/TypedDataSet
   ⚠️  Empty
[653/783] 71053ENG (verbruik)
⚠️  HTTP 500: https://opendata.cbs.nl/ODataApi/odata/71053ENG/TypedDataSet
   ⚠️  Empty
[654/783] 84102ENG (verbruik)
   ✅ 203 rows, 54 cols
[655/783] 82958ENG (verbruik)
   ✅ 230 rows, 58 cols
[656/783] 81120eng (verbruik)
   ✅ 150 rows, 22 cols
[657/783] 37720nre (verbruik)
   ✅ 2,870 rows, 22 cols
[658/783] 71934eng (verbruik)
⚠️  HTTP 500: https://opendata.cbs.nl/ODataApi/odata/71934eng/TypedDataSet
   ⚠️  Empty
[659/783] 81352ned (productie)
   ✅ 5,344 rows, 14 cols
[660/783] 81351ned (productie)
⚠️  HTTP 500: https://opendata.cbs.nl/ODataApi/odata/81351ned/TypedDataSet
   ⚠️  Empty
[661/783] 85828NED (productie)
⚠️  HTTP 500: https://opendata.cbs.nl/ODataApi/odata/85828NED/TypedDataSet
   ⚠️  Empty
[662/783] 85943NED (productie)
   ✅ 392 rows, 16 cols
[663/783] 85942NED (productie)
   ✅ 3,430 rows, 14 cols
[664/783] 83547NED (productie)
   ✅ 55 rows, 11 cols
[665/783] 81201ned (productie)
   ✅ 16 rows, 41 cols
[666/783] 81278ned (productie)
   ✅ 112 rows, 50 cols
[667/783] 7425zuiv (productie)
   ✅ 401 rows, 12 cols
[668/783] 85806NED (productie)
⚠️  HTTP 500: https://opendata.cbs.nl/ODataApi/odata/85806NED/TypedDataSet
   ⚠️  Empty
[669/783] 85636NED (productie)
⚠️  HTTP 500: https://opendata.cbs.nl/ODataApi/odata/85636NED/TypedDataSet
   ⚠️  Empty
[670/783] 84075NED (productie)
   ✅ 380 rows, 5 cols
[671/783] 80240ned (productie)
   ✅ 513 rows, 11 cols
[672/783] 85934NED (productie)
   ✅ 2,077 rows, 11 cols
[673/783] 7123slac (productie)
   ✅ 7,922 rows, 5 cols
[674/783] 85879NED (productie)
   ✅ 620 rows, 210 cols
[675/783] 85880NED (productie)
   ✅ 775 rows, 213 cols
[676/783] 85865NED (productie)
   ✅ 30 rows, 186 cols
[677/783] 83154NED (productie)
   ✅ 1,008 rows, 8 cols
[678/783] 83155NED (productie)
   ✅ 945 rows, 8 cols
[679/783] 81236ned (productie)
⚠️  HTTP 500: https://opendata.cbs.nl/ODataApi/odata/81236ned/TypedDataSet
   ⚠️  Empty
[680/783] 82851NED (productie)
   ✅ 1,624 rows, 15 cols
[681/783] 81238ned (productie)
⚠️  HTTP 500: https://opendata.cbs.nl/ODataApi/odata/81238ned/TypedDataSet
   ⚠️  Empty
[682/783] 80341ned (productie)
   ✅ 6,090 rows, 10 cols
[683/783] 71492ned (productie)
   ✅ 69 rows, 34 cols
[684/783] 37286 (productie)
   ✅ 101 rows, 113 cols
[685/783] 37334 (productie)
   ✅ 112 rows, 15 cols
[686/783] 70979ned (productie)
   ✅ 85 rows, 11 cols
[687/783] 60011mpp (productie)
   ✅ 51 rows, 11 cols
[688/783] 37921 (productie)
   ✅ 308 rows, 10 cols
[689/783] 70839ned (productie)
   ✅ 57 rows, 45 cols
[690/783] 71584ned (productie)
   ✅ 44 rows, 175 cols
[691/783] 82789NED (productie)
   ✅ 8 rows, 70 cols
[692/783] 70823ned (productie)
   ✅ 25 rows, 67 cols
[693/783] 70217ned (productie)
   ✅ 17 rows, 32 cols
[694/783] 71345ned (productie)
   ✅ 9 rows, 51 cols
[695/783] 71376ned (productie)
   ✅ 5 rows, 48 cols
[696/783] 7489trre (productie)
   ✅ 60 rows, 25 cols
[697/783] 70216ned (productie)
   ✅ 20 rows, 84 cols
[698/783] 71394ned (productie)
   ✅ 8 rows, 12 cols
[699/783] 70034ned (productie)
   ✅ 8 rows, 304 cols
[700/783] 70033ned (productie)
   ✅ 13 rows, 82 cols

================================================================================
📊 PROGRESS: 700/783 (89.4%)
⏱️  Elapsed: 16.9min | Remaining: ~2.0min (~0.0h)
✅ Success: 502/700 (72%)
================================================================================

[701/783] 71470ned (productie)
   ✅ 36 rows, 30 cols
[702/783] 70215ned (productie)
   ✅ 17 rows, 22 cols
[703/783] 7107_96 (productie)
   ✅ 120 rows, 79 cols
[704/783] 71346ned (productie)
   ✅ 210 rows, 70 cols
[705/783] 81732NED (productie)
   ✅ 66 rows, 211 cols
[706/783] 82247NED (productie)
   ✅ 77 rows, 154 cols
[707/783] 80517ned (productie)
⚠️  HTTP 500: https://opendata.cbs.nl/ODataApi/odata/80517ned/TypedDataSet
   ⚠️  Empty
[708/783] 72009ned (productie)
   ✅ 9,282 rows, 23 cols
[709/783] 70696ned (productie)
   ✅ 8,092 rows, 17 cols
[710/783] 7178ZUIV (productie)
   ✅ 39 rows, 26 cols
[711/783] 82043NED (productie)
⚠️  HTTP 500: https://opendata.cbs.nl/ODataApi/odata/82043NED/TypedDataSet
   ⚠️  Empty
[712/783] 70661NED (productie)
   ✅ 93 rows, 46 cols
[713/783] 83838NED (productie)
⚠️  HTTP 500: https://opendata.cbs.nl/ODataApi/odata/83838NED/TypedDataSet
   ⚠️  Empty
[714/783] 81810NED (productie)
⚠️  HTTP 500: https://opendata.cbs.nl/ODataApi/odata/81810NED/TypedDataSet
   ⚠️  Empty
[715/783] 7100oogs (productie)
⚠️  HTTP 500: https://opendata.cbs.nl/ODataApi/odata/7100oogs/TypedDataSet
   ⚠️  Empty
[716/783] 70014ned (productie)
   ✅ 161 rows, 37 cols
[717/783] 84299NED (productie)
   ✅ 1,885 rows, 11 cols
[718/783] 82994NED (productie)
   ✅ 1,495 rows, 11 cols
[719/783] 7203vloo (productie)
   ✅ 28 rows, 63 cols
[720/783] 84106NED (productie)
   ✅ 730 rows, 213 cols
[721/783] 82602NED (productie)
   ✅ 580 rows, 216 cols
[722/783] 81171ned (productie)
   ✅ 655 rows, 212 cols
[723/783] 84105NED (productie)
   ✅ 584 rows, 210 cols
[724/783] 82601NED (productie)
   ✅ 464 rows, 213 cols
[725/783] 81170ned (productie)
   ✅ 524 rows, 209 cols
[726/783] 03751 (productie)
   ✅ 605 rows, 240 cols
[727/783] 37595 (productie)
   ✅ 484 rows, 240 cols
[728/783] 84087NED (productie)
   ✅ 28 rows, 186 cols
[729/783] 82262NED (productie)
   ✅ 48 rows, 190 cols
[730/783] 81144ned (productie)
   ✅ 5,456 rows, 7 cols
[731/783] 81146ned (productie)
   ✅ 3,275 rows, 15 cols
[732/783] 81148ned (productie)
   ✅ 3,100 rows, 15 cols
[733/783] 81117ned (productie)
   ✅ 44 rows, 190 cols
[734/783] 37723nr (productie)
   ✅ 336 rows, 200 cols
[735/783] 82569NED (productie)
   ✅ 441 rows, 73 cols
[736/783] 82264NED (productie)
   ✅ 918 rows, 7 cols
[737/783] 81400ned (productie)
   ✅ 2,880 rows, 7 cols
[738/783] 81385ned (productie)
   ✅ 2,720 rows, 7 cols
[739/783] 82804NED (productie)
   ✅ 612 rows, 7 cols
[740/783] 82273NED (productie)
   ✅ 867 rows, 7 cols
[741/783] 81355ned (productie)
⚠️  HTTP 500: https://opendata.cbs.nl/ODataApi/odata/81355ned/TypedDataSet
   ⚠️  Empty
[742/783] 81198ned (productie)
   ✅ 413 rows, 74 cols
[743/783] 60013 (productie)
   ✅ 6 rows, 38 cols
[744/783] 70122ned (productie)
   ✅ 62 rows, 31 cols
[745/783] 85636ENG (productie)
⚠️  HTTP 500: https://opendata.cbs.nl/ODataApi/odata/85636ENG/TypedDataSet
   ⚠️  Empty
[746/783] 83981ENG (productie)
   ✅ 141 rows, 17 cols
[747/783] 7425eng (productie)
   ✅ 401 rows, 12 cols
[748/783] 83547ENG (productie)
   ✅ 55 rows, 11 cols
[749/783] 85943ENG (productie)
   ✅ 392 rows, 16 cols
[750/783] 85942ENG (productie)
   ✅ 3,430 rows, 14 cols

================================================================================
📊 PROGRESS: 750/783 (95.8%)
⏱️  Elapsed: 18.3min | Remaining: ~0.8min (~0.0h)
✅ Success: 545/750 (73%)
================================================================================

[751/783] 81351ENG (productie)
⚠️  HTTP 500: https://opendata.cbs.nl/ODataApi/odata/81351ENG/TypedDataSet
   ⚠️  Empty
[752/783] 85828ENG (productie)
⚠️  HTTP 500: https://opendata.cbs.nl/ODataApi/odata/85828ENG/TypedDataSet
   ⚠️  Empty
[753/783] 82814ENG (productie)
   ✅ 1,232 rows, 6 cols
[754/783] 85879ENG (productie)
   ✅ 620 rows, 210 cols
[755/783] 85880ENG (productie)
   ✅ 775 rows, 213 cols
[756/783] 85925ENG (productie)
⚠️  HTTP 500: https://opendata.cbs.nl/ODataApi/odata/85925ENG/TypedDataSet
   ⚠️  Empty
[757/783] 85806ENG (productie)
⚠️  HTTP 500: https://opendata.cbs.nl/ODataApi/odata/85806ENG/TypedDataSet
   ⚠️  Empty
[758/783] 37325eng (productie)
⚠️  HTTP 500: https://opendata.cbs.nl/ODataApi/odata/37325eng/TypedDataSet
   ⚠️  Empty
[759/783] 80408ENG (productie)
   ✅ 36 rows, 46 cols
[760/783] 82504ENG (productie)
   ✅ 40 rows, 25 cols
[761/783] 7100eng (productie)
⚠️  HTTP 500: https://opendata.cbs.nl/ODataApi/odata/7100eng/TypedDataSet
   ⚠️  Empty
[762/783] 70979eng (productie)
   ✅ 85 rows, 11 cols
[763/783] 60011ENG (productie)
   ✅ 51 rows, 11 cols
[764/783] 82851ENG (productie)
   ✅ 1,624 rows, 15 cols
[765/783] 81238eng (productie)
⚠️  HTTP 500: https://opendata.cbs.nl/ODataApi/odata/81238eng/TypedDataSet
   ⚠️  Empty
[766/783] 70122eng (productie)
   ✅ 62 rows, 31 cols
[767/783] 84106ENG (productie)
   ✅ 730 rows, 213 cols
[768/783] 82602ENG (productie)
   ✅ 580 rows, 216 cols
[769/783] 84105ENG (productie)
   ✅ 584 rows, 210 cols
[770/783] 82601ENG (productie)
   ✅ 464 rows, 213 cols
[771/783] 81171eng (productie)
   ✅ 655 rows, 212 cols
[772/783] 81170eng (productie)
   ✅ 524 rows, 209 cols
[773/783] 84419ENG (productie)
⚠️  HTTP 500: https://opendata.cbs.nl/ODataApi/odata/84419ENG/TypedDataSet
   ⚠️  Empty
[774/783] 82797ENG (productie)
⚠️  HTTP 500: https://opendata.cbs.nl/ODataApi/odata/82797ENG/TypedDataSet
   ⚠️  Empty
[775/783] 81355eng (productie)
⚠️  HTTP 500: https://opendata.cbs.nl/ODataApi/odata/81355eng/TypedDataSet
   ⚠️  Empty
[776/783] 03751eng (productie)
   ✅ 605 rows, 240 cols
[777/783] 37595eng (productie)
   ✅ 484 rows, 240 cols
[778/783] 7055eng (productie)
⚠️  HTTP 500: https://opendata.cbs.nl/ODataApi/odata/7055eng/TypedDataSet
   ⚠️  Empty
[779/783] 80092eng (productie)
   ✅ 9,282 rows, 23 cols
[780/783] 83838ENG (productie)
⚠️  HTTP 500: https://opendata.cbs.nl/ODataApi/odata/83838ENG/TypedDataSet
   ⚠️  Empty
[781/783] 81810ENG (productie)
⚠️  HTTP 500: https://opendata.cbs.nl/ODataApi/odata/81810ENG/TypedDataSet
   ⚠️  Empty
[782/783] 70696eng (productie)
   ✅ 8,092 rows, 17 cols
[783/783] 37687eng (productie)
   ✅ 884 rows, 12 cols

================================================================================
✅ DOWNLOAD COMPLETE
================================================================================
⏱️  Total time: 19.4 minutes (0.3 hours)
✅ Success: 565 (72%)
❌ Failed: 218
📈 Total rows: 666,267
💾 Total size: ~666 MB estimated

💾 Summary saved: /Users/moesa/KIIRA-PAY/cbs-data/data/complete/download_summary_energie_complete.json

Successful downloads per category:
  verbruik              293 datasets
  hernieuwbaar          119 datasets
  productie              99 datasets
  co2                    41 datasets
  energie                13 datasets
