================================================================================
📥 CBS MASS DOWNLOAD - ALL PRIORITY DATASETS
================================================================================

📊 Total unique datasets: 92
✅ Already downloaded: 42
⬇️  To download: 50
⏱️  Estimated time: ~1 minutes

[1/50] 83141ENG - Energy consumption; components, branch, 2011-2016
⚠️  HTTP 500: https://opendata.cbs.nl/ODataApi/odata/83141ENG/TypedDataSet
   ⚠️  Empty
[2/50] 83131ENG - Consumer prices; price index 2015=100, 1996-2025
⚠️  HTTP 500: https://opendata.cbs.nl/ODataApi/odata/83131ENG/TypedDataSet
   ⚠️  Empty
[3/50] 83133ENG - Consumer prices; European harmonised price index 2015=100, 1
⚠️  HTTP 500: https://opendata.cbs.nl/ODataApi/odata/83133ENG/TypedDataSet
   ⚠️  Empty
[4/50] 81606NED - Vervallen tabel klantenbestanden
⚠️  HTTP 403: https://opendata.cbs.nl/ODataApi/odata/81606NED/TypedDataSet
   ⚠️  Empty
[5/50] 86159NED - Energieverbruik particuliere woningen; woningtype, wijken en
⚠️  HTTP 500: https://opendata.cbs.nl/ODataApi/odata/86159NED/TypedDataSet
   ⚠️  Empty
[6/50] 84487ENG - Housing costs of households; household and dwelling characte
⚠️  HTTP 500: https://opendata.cbs.nl/ODataApi/odata/84487ENG/TypedDataSet
   ⚠️  Empty
[7/50] 00372 - Aardgasbalans; aanbod en verbruik, 1946 - Mei 2025
   ✅ 773 rows
[8/50] 7522 - Heffingen op energiedragers 1993-2015
   ✅ 351 rows
[9/50] 71458ned - Zonnewarmte; afgedekte zonnecollectoren in Nederland, 2002 -
   ✅ 55 rows
[10/50] 00372eng - Natural gas balance sheet; supply and consumption, 1946 - Ma
   ✅ 773 rows

📊 Progress: 10/50 | ✅ 4 | ⏱️ 0.2min

[11/50] 85776NED - Uitstromers ho; arbeidsmarktpositie na verlaten onderwijs
⚠️  HTTP 500: https://opendata.cbs.nl/ODataApi/odata/85776NED/TypedDataSet
   ⚠️  Empty
[12/50] 80710ned - Arbeidsmarktmobiliteit; ziek en met kind, 2003-2010
   ✅ 4,590 rows
[13/50] 83170NED - Uitstromers hoger beroepsonderwijs; arbeidsmarktpositie 2006
⚠️  HTTP 500: https://opendata.cbs.nl/ODataApi/odata/83170NED/TypedDataSet
   ⚠️  Empty
[14/50] 83090NED - Uitstromers hoger onderwijs; arbeidsmarktpositie 2006/'07-20
⚠️  HTTP 500: https://opendata.cbs.nl/ODataApi/odata/83090NED/TypedDataSet
   ⚠️  Empty
[15/50] 83364NED - Caribisch NL; inkomen van particuliere huishoudens
   ✅ 1,392 rows
[16/50] 83706ENG - Construction; costs of buildings, building phase, type of cl
   ✅ 5,152 rows
[17/50] 81161eng - Retail trade; employment and finance per sector, SIC 2008, 2
   ✅ 155 rows
[18/50] 82873NED - Kerncijfers milieu; nationale rekeningen, 2001-2013
   ✅ 520 rows
[19/50] 85668ENG - Emissions to air on Dutch territory; totals	
⚠️  HTTP 500: https://opendata.cbs.nl/ODataApi/odata/85668ENG/TypedDataSet
   ⚠️  Empty
[20/50] 85347ENG - Emissions to air on Dutch territory; road traffic
   ✅ 245 rows

📊 Progress: 20/50 | ✅ 10 | ⏱️ 0.4min

[21/50] 80101eng - Motor fuels for transport;delivery weight, volume, 1946-Aug 
   ✅ 1,008 rows
[22/50] 83673NED - Bouwvergunningen; kerncijfers nieuwbouwwoningen; bouwkosten,
   ✅ 520 rows
[23/50] 83910NED - Bestaande koopwoningen; verkoopprijzen; woningtype; 1995-202
   ✅ 1,160 rows
[24/50] 81328ned - Lokale heffingen; particuliere huishoudens, 2006-2013
   ✅ 5,992 rows
[25/50] 83913ENG - Existing own homes; purchase price indices by region 2015=10
   ✅ 3,045 rows
[26/50] 83910ENG - Existing own homes; purchase price indices by type of dwelli
   ✅ 1,160 rows
[27/50] 81885ENG - House Price Index by region; existing own homes; 2010 = 100 
   ✅ 2,415 rows
[28/50] 80330eng - House Price Index by region; existing own homes; 1995 - 2012
⚠️  HTTP 500: https://opendata.cbs.nl/ODataApi/odata/80330eng/TypedDataSet
   ⚠️  Empty
[29/50] 81886ENG - House Price Index; type of dwelling;existing own homes;2010=
   ✅ 920 rows
[30/50] 71533eng - House Price Index by type of dwelling, region; existing own 
⚠️  HTTP 500: https://opendata.cbs.nl/ODataApi/odata/71533eng/TypedDataSet
   ⚠️  Empty

📊 Progress: 30/50 | ✅ 18 | ⏱️ 0.7min

[31/50] 80346eng - Consumer prices; average prices of consumer goods, 2000 - 20
   ✅ 19 rows
[32/50] 80345eng - Consumer prices; average prices of food, 1800 - 2018
   ✅ 219 rows
[33/50] 71311eng - Consumer prices; price index 2006 = 100, 1996 - 2015
⚠️  HTTP 500: https://opendata.cbs.nl/ODataApi/odata/71311eng/TypedDataSet
   ⚠️  Empty
[34/50] 80087eng - Consumer prices; European harmonised price index 2005=100 (H
⚠️  HTTP 500: https://opendata.cbs.nl/ODataApi/odata/80087eng/TypedDataSet
   ⚠️  Empty
[35/50] 60006 - Bouwnijverheid; productieve uren in de burgerlijke en utilit
   ✅ 180 rows
[36/50] 83376NED - Energiekentallen utiliteitsbouw dienstensector; bouwjaarklas
   ✅ 360 rows
[37/50] 83374NED - Energiekentallen utiliteitsbouw dienstensector; oppervlaktek
   ✅ 168 rows
[38/50] 84183NED - Prijs van arbeid; index 2015=100; nationale rekeningen; 2001
   ✅ 2,208 rows
[39/50] 81280ned - Prijs van arbeid; index 2006=100, 2001-2013
   ✅ 1,218 rows
[40/50] 82679NED - Prijs van arbeid; index 2010=100; nationale rekeningen, 2001
   ✅ 1,488 rows

📊 Progress: 40/50 | ✅ 26 | ⏱️ 0.9min

[41/50] 37971lix - Prijsindexcijfers landbouw 1990=100, 1990, 1995-1998
   ✅ 65 rows
[42/50] 82113NED - Kostprijsindex consumentengoederen; 2010=100, 2005-2015
   ✅ 4,000 rows
[43/50] 81460NED - Kostprijsindex consumentengoederen; 2005=100 2000-2013
   ✅ 5,120 rows
[44/50] 86049ENG - Civil engineering works; Input price index 2020=100
   ✅ 1,890 rows
[45/50] 81139eng - Civil engineering works; input price index 2000 = 100, from 
   ✅ 1,640 rows
[46/50] 81122eng - Caribbean Netherlands; consumer price index (CPI) 2010=100, 
   ✅ 1,560 rows
[47/50] 81530ENG - Producer price indices for services (SPPI); index 2010=100, 
   ✅ 8,892 rows
[48/50] 83760ENG - Services producer price index (SPPI); index 2015=100, 2002-2
⚠️  HTTP 500: https://opendata.cbs.nl/ODataApi/odata/83760ENG/TypedDataSet
   ⚠️  Empty
[49/50] 84183ENG - Labour price index; index figures 2015=100; National Account
   ✅ 2,208 rows
[50/50] 81280ENG - Labour price index; index figures 2006=100, 2001-2013
   ✅ 1,218 rows

📊 Progress: 50/50 | ✅ 35 | ⏱️ 1.3min


================================================================================
✅ DOWNLOAD COMPLETE
================================================================================
⏱️  Time: 1.3 min
✅ Success: 35
❌ Failed: 15
📈 Total rows: 62,679
💾 Summary saved: /Users/moesa/KIIRA-PAY/cbs-data/data/complete/download_summary_complete.json
