================================================================================
📥 CBS DATA MASS DOWNLOAD - TOP 50 DATASETS
================================================================================

📊 Found 18 unique top datasets
✅ Already downloaded: 17
⬇️  To download: 1
💾 Downloading to: /Users/moesa/KIIRA-PAY/cbs-data/data/complete
⏱️  Estimated time: ~0 minutes


================================================================================
[1/18] Renewable electricity; production and capacity
Score: 108 | Category: energie
================================================================================
⏭️  Already downloaded, skipping...

================================================================================
[2/18] Energy consumption industry (no energy sector);energy commodities,1975
Score: 93 | Category: energie
================================================================================
⏭️  Already downloaded, skipping...

================================================================================
[3/18] Renewable electricity; domestic production, imports and exports, 1990-
Score: 89 | Category: energie
================================================================================
⏭️  Already downloaded, skipping...

================================================================================
[4/18] Renewable energy; capacity, domestic production and use, 1990-2013
Score: 88 | Category: energie
================================================================================
⏭️  Already downloaded, skipping...

================================================================================
[5/18] Renewable energy; final use and avoided use fossil energy,1990-2019
Score: 88 | Category: energie
================================================================================
⏭️  Already downloaded, skipping...

================================================================================
[6/18] Hernieuwbare elektriciteit; productie en vermogen 
Score: 87 | Category: energie
================================================================================
⏭️  Already downloaded, skipping...

================================================================================
[7/18] Energie; verbruik en producentenprijs naar energiedrager jan 1995-dec 
Score: 83 | Category: energie
================================================================================
⏭️  Already downloaded, skipping...

================================================================================
[8/18] Renewable energy; consumption by energy source, technology and applica
Score: 83 | Category: energie
================================================================================
⏭️  Already downloaded, skipping...

================================================================================
[9/18] Windenergie; elektriciteitsproductie, capaciteit en windaanbod, 2002-2
Score: 82 | Category: energie
================================================================================
⏭️  Already downloaded, skipping...

================================================================================
[10/18] Wind energy; electricity production, capacity and supply of wind, 2002
Score: 82 | Category: energie
================================================================================
⏭️  Already downloaded, skipping...

================================================================================
[11/18] Energy consumption; components, branch, 2011-2016
Score: 81 | Category: energie
================================================================================

📥 Downloading Energy consumption; components, branch, 2011-2016 (83141ENG)...
⚠️  HTTP 500: https://opendata.cbs.nl/ODataApi/odata/83141ENG/TypedDataSet
   ❌ No data available

================================================================================
[12/18] Energiebalans; aanbod, omzetting en verbruik
Score: 79 | Category: energie
================================================================================
⏭️  Already downloaded, skipping...

================================================================================
[13/18] Energy consumption energy sector; energy commodities, 1967-2013 2nd qu
Score: 79 | Category: energie
================================================================================
⏭️  Already downloaded, skipping...

================================================================================
[14/18] Renewable energy; final use and avoided use of fossil energy, 1990-201
Score: 79 | Category: energie
================================================================================
⏭️  Already downloaded, skipping...

================================================================================
[15/18] Hernieuwbare energie; eindverbr. en vermeden verbr. foss. energie,1990
Score: 78 | Category: energie
================================================================================
⏭️  Already downloaded, skipping...

================================================================================
[16/18] Hernieuwbare energie; eindverbr. en vermeden verbr. foss. energie,1990
Score: 78 | Category: energie
================================================================================
⏭️  Already downloaded, skipping...

================================================================================
[17/18] Hernieuwbare energie; capaciteit, binnenlandse prod. en verbruik, 1990
Score: 78 | Category: energie
================================================================================
⏭️  Already downloaded, skipping...

================================================================================
[18/18] Energieverbruik door bedrijven en huishoudens; Nat. Rekeningen 1995-20
Score: 78 | Category: energie
================================================================================
⏭️  Already downloaded, skipping...

================================================================================
📊 DOWNLOAD COMPLETE - SUMMARY
================================================================================

⏱️  Total time: 0.0 minutes
📊 Total datasets: 18
✅ Successful: 0 (0%)
❌ Failed: 18
📈 Total rows downloaded: 0


❌ Failed downloads (18):
   82610ENG        - Unknown
   82369ENG        - Unknown
   70789eng        - Unknown
   71457eng        - Unknown
   83109ENG        - Unknown
   82610NED        - Unknown
   80324ned        - Unknown
   84917ENG        - Unknown
   70802ned        - Unknown
   70802eng        - Unknown

💾 Data saved to: /Users/moesa/KIIRA-PAY/cbs-data/data/complete
📋 Summary saved to: /Users/moesa/KIIRA-PAY/cbs-data/data/complete/download_summary_top50.json
================================================================================
